# JRE version: OpenJDK Runtime Environment (8.0_242-b01) (build 1.8.0_242-release-1644-b01)
# Java VM: OpenJDK 64-Bit Server VM (25.242-b01 mixed mode windows-amd64 compressed oops)
Heap:
 PSYoungGen      total 235008K, used 59166K [0x00000000d5580000, 0x00000000e6180000, 0x0000000100000000)
  eden space 212480K, 17% used [0x00000000d5580000,0x00000000d794e6e0,0x00000000e2500000)
  from space 22528K, 99% used [0x00000000e3580000,0x00000000e4b79470,0x00000000e4b80000)
  to   space 16896K, 0% used [0x00000000e5100000,0x00000000e5100000,0x00000000e6180000)
 ParOldGen       total 223232K, used 59366K [0x0000000080000000, 0x000000008da00000, 0x00000000d5580000)
  object space 223232K, 26% used [0x0000000080000000,0x00000000839f9bf8,0x000000008da00000)
 Metaspace       used 70647K, capacity 74054K, committed 74264K, reserved 1114112K
  class space    used 9559K, capacity 10204K, committed 10288K, reserved 1048576K
GC Heap History (10 events):
Event: 11.090 GC heap before
{Heap before GC invocations=8 (full 2):
 PSYoungGen      total 175104K, used 161792K [0x00000000d5580000, 0x00000000e1e00000, 0x0000000100000000)
  eden space 161792K, 100% used [0x00000000d5580000,0x00000000df380000,0x00000000df380000)
  from space 13312K, 0% used [0x00000000df380000,0x00000000df380000,0x00000000e0080000)
  to   space 12800K, 0% used [0x00000000e1180000,0x00000000e1180000,0x00000000e1e00000)
 ParOldGen       total 223232K, used 17213K [0x0000000080000000, 0x000000008da00000, 0x00000000d5580000)
  object space 223232K, 7% used [0x0000000080000000,0x00000000810cf4a8,0x000000008da00000)
 Metaspace       used 42544K, capacity 44378K, committed 44584K, reserved 1087488K
  class space    used 5807K, capacity 6179K, committed 6192K, reserved 1048576K
Event: 11.115 GC heap after
Heap after GC invocations=8 (full 2):
 PSYoungGen      total 191488K, used 12312K [0x00000000d5580000, 0x00000000e4300000, 0x0000000100000000)
  eden space 178688K, 0% used [0x00000000d5580000,0x00000000d5580000,0x00000000e0400000)
  from space 12800K, 96% used [0x00000000e1180000,0x00000000e1d86100,0x00000000e1e00000)
  to   space 13824K, 0% used [0x00000000e0400000,0x00000000e0400000,0x00000000e1180000)
 ParOldGen       total 223232K, used 17221K [0x0000000080000000, 0x000000008da00000, 0x00000000d5580000)
  object space 223232K, 7% used [0x0000000080000000,0x00000000810d14a8,0x000000008da00000)
 Metaspace       used 42544K, capacity 44378K, committed 44584K, reserved 1087488K
  class space    used 5807K, capacity 6179K, committed 6192K, reserved 1048576K
}
Event: 15.451 GC heap before
{Heap before GC invocations=9 (full 2):
 PSYoungGen      total 191488K, used 183632K [0x00000000d5580000, 0x00000000e4300000, 0x0000000100000000)
  eden space 178688K, 95% used [0x00000000d5580000,0x00000000dfcce258,0x00000000e0400000)
  from space 12800K, 96% used [0x00000000e1180000,0x00000000e1d86100,0x00000000e1e00000)
  to   space 13824K, 0% used [0x00000000e0400000,0x00000000e0400000,0x00000000e1180000)
 ParOldGen       total 223232K, used 17221K [0x0000000080000000, 0x000000008da00000, 0x00000000d5580000)
  object space 223232K, 7% used [0x0000000080000000,0x00000000810d14a8,0x000000008da00000)
 Metaspace       used 56851K, capacity 59040K, committed 59160K, reserved 1099776K
  class space    used 7695K, capacity 8155K, committed 8240K, reserved 1048576K
Event: 15.488 GC heap after
Heap after GC invocations=9 (full 2):
 PSYoungGen      total 192512K, used 13796K [0x00000000d5580000, 0x00000000e6680000, 0x0000000100000000)
  eden space 178688K, 0% used [0x00000000d5580000,0x00000000d5580000,0x00000000e0400000)
  from space 13824K, 99% used [0x00000000e0400000,0x00000000e1179310,0x00000000e1180000)
  to   space 22016K, 0% used [0x00000000e5100000,0x00000000e5100000,0x00000000e6680000)
 ParOldGen       total 223232K, used 30555K [0x0000000080000000, 0x000000008da00000, 0x00000000d5580000)
  object space 223232K, 13% used [0x0000000080000000,0x0000000081dd6fd8,0x000000008da00000)
 Metaspace       used 56851K, capacity 59040K, committed 59160K, reserved 1099776K
  class space    used 7695K, capacity 8155K, committed 8240K, reserved 1048576K
}
Event: 15.488 GC heap before
{Heap before GC invocations=10 (full 3):
 PSYoungGen      total 192512K, used 13796K [0x00000000d5580000, 0x00000000e6680000, 0x0000000100000000)
  eden space 178688K, 0% used [0x00000000d5580000,0x00000000d5580000,0x00000000e0400000)
  from space 13824K, 99% used [0x00000000e0400000,0x00000000e1179310,0x00000000e1180000)
  to   space 22016K, 0% used [0x00000000e5100000,0x00000000e5100000,0x00000000e6680000)
 ParOldGen       total 223232K, used 30555K [0x0000000080000000, 0x000000008da00000, 0x00000000d5580000)
  object space 223232K, 13% used [0x0000000080000000,0x0000000081dd6fd8,0x000000008da00000)
 Metaspace       used 56851K, capacity 59040K, committed 59160K, reserved 1099776K
  class space    used 7695K, capacity 8155K, committed 8240K, reserved 1048576K
Event: 16.059 GC heap after
Heap after GC invocations=10 (full 3):
 PSYoungGen      total 192512K, used 0K [0x00000000d5580000, 0x00000000e6680000, 0x0000000100000000)
  eden space 178688K, 0% used [0x00000000d5580000,0x00000000d5580000,0x00000000e0400000)
  from space 13824K, 0% used [0x00000000e0400000,0x00000000e0400000,0x00000000e1180000)
  to   space 22016K, 0% used [0x00000000e5100000,0x00000000e5100000,0x00000000e6680000)
 ParOldGen       total 223232K, used 39419K [0x0000000080000000, 0x000000008da00000, 0x00000000d5580000)
  object space 223232K, 17% used [0x0000000080000000,0x000000008267ece8,0x000000008da00000)
 Metaspace       used 56832K, capacity 58974K, committed 59160K, reserved 1099776K
  class space    used 7689K, capacity 8144K, committed 8240K, reserved 1048576K
}
Event: 20.450 GC heap before
{Heap before GC invocations=11 (full 3):
 PSYoungGen      total 192512K, used 178688K [0x00000000d5580000, 0x00000000e6680000, 0x0000000100000000)
  eden space 178688K, 100% used [0x00000000d5580000,0x00000000e0400000,0x00000000e0400000)
  from space 13824K, 0% used [0x00000000e0400000,0x00000000e0400000,0x00000000e1180000)
  to   space 22016K, 0% used [0x00000000e5100000,0x00000000e5100000,0x00000000e6680000)
 ParOldGen       total 223232K, used 39419K [0x0000000080000000, 0x000000008da00000, 0x00000000d5580000)
  object space 223232K, 17% used [0x0000000080000000,0x000000008267ece8,0x000000008da00000)
 Metaspace       used 65566K, capacity 68800K, committed 69144K, reserved 1107968K
  class space    used 9038K, capacity 9671K, committed 9776K, reserved 1048576K
Event: 20.470 GC heap after
Heap after GC invocations=11 (full 3):
 PSYoungGen      total 229376K, used 16758K [0x00000000d5580000, 0x00000000e6180000, 0x0000000100000000)
  eden space 212480K, 0% used [0x00000000d5580000,0x00000000d5580000,0x00000000e2500000)
  from space 16896K, 99% used [0x00000000e5100000,0x00000000e615da70,0x00000000e6180000)
  to   space 22528K, 0% used [0x00000000e3580000,0x00000000e3580000,0x00000000e4b80000)
 ParOldGen       total 223232K, used 39427K [0x0000000080000000, 0x000000008da00000, 0x00000000d5580000)
  object space 223232K, 17% used [0x0000000080000000,0x0000000082680ce8,0x000000008da00000)
 Metaspace       used 65566K, capacity 68800K, committed 69144K, reserved 1107968K
  class space    used 9038K, capacity 9671K, committed 9776K, reserved 1048576K
}
Event: 26.527 GC heap before
{Heap before GC invocations=12 (full 3):
 PSYoungGen      total 229376K, used 228668K [0x00000000d5580000, 0x00000000e6180000, 0x0000000100000000)
  eden space 212480K, 99% used [0x00000000d5580000,0x00000000e2471930,0x00000000e2500000)
  from space 16896K, 99% used [0x00000000e5100000,0x00000000e615da70,0x00000000e6180000)
  to   space 22528K, 0% used [0x00000000e3580000,0x00000000e3580000,0x00000000e4b80000)
 ParOldGen       total 223232K, used 39427K [0x0000000080000000, 0x000000008da00000, 0x00000000d5580000)
  object space 223232K, 17% used [0x0000000080000000,0x0000000082680ce8,0x000000008da00000)
 Metaspace       used 70275K, capacity 73608K, committed 74008K, reserved 1114112K
  class space    used 9519K, capacity 10183K, committed 10288K, reserved 1048576K
Event: 26.613 GC heap after
Heap after GC invocations=12 (full 3):
 PSYoungGen      total 235008K, used 22501K [0x00000000d5580000, 0x00000000e6180000, 0x0000000100000000)
  eden space 212480K, 0% used [0x00000000d5580000,0x00000000d5580000,0x00000000e2500000)
  from space 22528K, 99% used [0x00000000e3580000,0x00000000e4b79470,0x00000000e4b80000)
  to   space 16896K, 0% used [0x00000000e5100000,0x00000000e5100000,0x00000000e6180000)
 ParOldGen       total 223232K, used 59366K [0x0000000080000000, 0x000000008da00000, 0x00000000d5580000)
  object space 223232K, 26% used [0x0000000080000000,0x00000000839f9bf8,0x000000008da00000)
 Metaspace       used 70275K, capacity 73608K, committed 74008K, reserved 1114112K
  class space    used 9519K, capacity 10183K, committed 10288K, reserved 1048576K
}

