# JRE version: OpenJDK Runtime Environment (8.0_242-b01) (build 1.8.0_242-release-1644-b01)
# Java VM: OpenJDK 64-Bit Server VM (25.242-b01 mixed mode windows-amd64 compressed oops)
Heap:
 PSYoungGen      total 277504K, used 40166K [0x00000000d5580000, 0x00000000e7c80000, 0x0000000100000000)
  eden space 252928K, 6% used [0x00000000d5580000,0x00000000d64c0880,0x00000000e4c80000)
  from space 24576K, 99% used [0x00000000e6480000,0x00000000e7c78f98,0x00000000e7c80000)
  to   space 19968K, 0% used [0x00000000e4f00000,0x00000000e4f00000,0x00000000e6280000)
 ParOldGen       total 224256K, used 47004K [0x0000000080000000, 0x000000008db00000, 0x00000000d5580000)
  object space 224256K, 20% used [0x0000000080000000,0x0000000082de73a8,0x000000008db00000)
 Metaspace       used 75515K, capacity 79190K, committed 79384K, reserved 1118208K
  class space    used 10021K, capacity 10688K, committed 10800K, reserved 1048576K
GC Heap History (10 events):
Event: 13.427 GC heap before
{Heap before GC invocations=9 (full 2):
 PSYoungGen      total 208896K, used 188008K [0x00000000d5580000, 0x00000000e3480000, 0x0000000100000000)
  eden space 196096K, 89% used [0x00000000d5580000,0x00000000e01bcb28,0x00000000e1500000)
  from space 12800K, 90% used [0x00000000e2200000,0x00000000e2d5d700,0x00000000e2e80000)
  to   space 13312K, 0% used [0x00000000e1500000,0x00000000e1500000,0x00000000e2200000)
 ParOldGen       total 224256K, used 17246K [0x0000000080000000, 0x000000008db00000, 0x00000000d5580000)
  object space 224256K, 7% used [0x0000000080000000,0x00000000810d7890,0x000000008db00000)
 Metaspace       used 56793K, capacity 59072K, committed 59160K, reserved 1099776K
  class space    used 7703K, capacity 8171K, committed 8240K, reserved 1048576K
Event: 13.459 GC heap after
Heap after GC invocations=9 (full 2):
 PSYoungGen      total 209408K, used 13300K [0x00000000d5580000, 0x00000000e7f80000, 0x0000000100000000)
  eden space 196096K, 0% used [0x00000000d5580000,0x00000000d5580000,0x00000000e1500000)
  from space 13312K, 99% used [0x00000000e1500000,0x00000000e21fd320,0x00000000e2200000)
  to   space 21504K, 0% used [0x00000000e6a80000,0x00000000e6a80000,0x00000000e7f80000)
 ParOldGen       total 224256K, used 31572K [0x0000000080000000, 0x000000008db00000, 0x00000000d5580000)
  object space 224256K, 14% used [0x0000000080000000,0x0000000081ed50d8,0x000000008db00000)
 Metaspace       used 56793K, capacity 59072K, committed 59160K, reserved 1099776K
  class space    used 7703K, capacity 8171K, committed 8240K, reserved 1048576K
}
Event: 13.459 GC heap before
{Heap before GC invocations=10 (full 3):
 PSYoungGen      total 209408K, used 13300K [0x00000000d5580000, 0x00000000e7f80000, 0x0000000100000000)
  eden space 196096K, 0% used [0x00000000d5580000,0x00000000d5580000,0x00000000e1500000)
  from space 13312K, 99% used [0x00000000e1500000,0x00000000e21fd320,0x00000000e2200000)
  to   space 21504K, 0% used [0x00000000e6a80000,0x00000000e6a80000,0x00000000e7f80000)
 ParOldGen       total 224256K, used 31572K [0x0000000080000000, 0x000000008db00000, 0x00000000d5580000)
  object space 224256K, 14% used [0x0000000080000000,0x0000000081ed50d8,0x000000008db00000)
 Metaspace       used 56793K, capacity 59072K, committed 59160K, reserved 1099776K
  class space    used 7703K, capacity 8171K, committed 8240K, reserved 1048576K
Event: 13.944 GC heap after
Heap after GC invocations=10 (full 3):
 PSYoungGen      total 209408K, used 0K [0x00000000d5580000, 0x00000000e7f80000, 0x0000000100000000)
  eden space 196096K, 0% used [0x00000000d5580000,0x00000000d5580000,0x00000000e1500000)
  from space 13312K, 0% used [0x00000000e1500000,0x00000000e1500000,0x00000000e2200000)
  to   space 21504K, 0% used [0x00000000e6a80000,0x00000000e6a80000,0x00000000e7f80000)
 ParOldGen       total 224256K, used 39869K [0x0000000080000000, 0x000000008db00000, 0x00000000d5580000)
  object space 224256K, 17% used [0x0000000080000000,0x00000000826ef7f8,0x000000008db00000)
 Metaspace       used 56744K, capacity 58904K, committed 59160K, reserved 1099776K
  class space    used 7688K, capacity 8143K, committed 8240K, reserved 1048576K
}
Event: 18.120 GC heap before
{Heap before GC invocations=11 (full 3):
 PSYoungGen      total 209408K, used 196010K [0x00000000d5580000, 0x00000000e7f80000, 0x0000000100000000)
  eden space 196096K, 99% used [0x00000000d5580000,0x00000000e14eaaf8,0x00000000e1500000)
  from space 13312K, 0% used [0x00000000e1500000,0x00000000e1500000,0x00000000e2200000)
  to   space 21504K, 0% used [0x00000000e6a80000,0x00000000e6a80000,0x00000000e7f80000)
 ParOldGen       total 224256K, used 39869K [0x0000000080000000, 0x000000008db00000, 0x00000000d5580000)
  object space 224256K, 17% used [0x0000000080000000,0x00000000826ef7f8,0x000000008db00000)
 Metaspace       used 65993K, capacity 69210K, committed 69400K, reserved 1110016K
  class space    used 9097K, capacity 9716K, committed 9776K, reserved 1048576K
Event: 18.144 GC heap after
Heap after GC invocations=11 (full 3):
 PSYoungGen      total 248320K, used 17736K [0x00000000d5580000, 0x00000000e7c00000, 0x0000000100000000)
  eden space 230400K, 0% used [0x00000000d5580000,0x00000000d5580000,0x00000000e3680000)
  from space 17920K, 98% used [0x00000000e6a80000,0x00000000e7bd2200,0x00000000e7c00000)
  to   space 23040K, 0% used [0x00000000e4f00000,0x00000000e4f00000,0x00000000e6580000)
 ParOldGen       total 224256K, used 39877K [0x0000000080000000, 0x000000008db00000, 0x00000000d5580000)
  object space 224256K, 17% used [0x0000000080000000,0x00000000826f17f8,0x000000008db00000)
 Metaspace       used 65993K, capacity 69210K, committed 69400K, reserved 1110016K
  class space    used 9097K, capacity 9716K, committed 9776K, reserved 1048576K
}
Event: 22.329 GC heap before
{Heap before GC invocations=12 (full 3):
 PSYoungGen      total 248320K, used 248136K [0x00000000d5580000, 0x00000000e7c00000, 0x0000000100000000)
  eden space 230400K, 100% used [0x00000000d5580000,0x00000000e3680000,0x00000000e3680000)
  from space 17920K, 98% used [0x00000000e6a80000,0x00000000e7bd2200,0x00000000e7c00000)
  to   space 23040K, 0% used [0x00000000e4f00000,0x00000000e4f00000,0x00000000e6580000)
 ParOldGen       total 224256K, used 39877K [0x0000000080000000, 0x000000008db00000, 0x00000000d5580000)
  object space 224256K, 17% used [0x0000000080000000,0x00000000826f17f8,0x000000008db00000)
 Metaspace       used 68584K, capacity 72036K, committed 72216K, reserved 1112064K
  class space    used 9370K, capacity 10013K, committed 10032K, reserved 1048576K
Event: 22.355 GC heap after
Heap after GC invocations=12 (full 3):
 PSYoungGen      total 272896K, used 19920K [0x00000000d5580000, 0x00000000e7c80000, 0x0000000100000000)
  eden space 252928K, 0% used [0x00000000d5580000,0x00000000d5580000,0x00000000e4c80000)
  from space 19968K, 99% used [0x00000000e4f00000,0x00000000e62742f8,0x00000000e6280000)
  to   space 24576K, 0% used [0x00000000e6480000,0x00000000e6480000,0x00000000e7c80000)
 ParOldGen       total 224256K, used 39885K [0x0000000080000000, 0x000000008db00000, 0x00000000d5580000)
  object space 224256K, 17% used [0x0000000080000000,0x00000000826f37f8,0x000000008db00000)
 Metaspace       used 68584K, capacity 72036K, committed 72216K, reserved 1112064K
  class space    used 9370K, capacity 10013K, committed 10032K, reserved 1048576K
}
Event: 81.610 GC heap before
{Heap before GC invocations=13 (full 3):
 PSYoungGen      total 272896K, used 272848K [0x00000000d5580000, 0x00000000e7c80000, 0x0000000100000000)
  eden space 252928K, 100% used [0x00000000d5580000,0x00000000e4c80000,0x00000000e4c80000)
  from space 19968K, 99% used [0x00000000e4f00000,0x00000000e62742f8,0x00000000e6280000)
  to   space 24576K, 0% used [0x00000000e6480000,0x00000000e6480000,0x00000000e7c80000)
 ParOldGen       total 224256K, used 39885K [0x0000000080000000, 0x000000008db00000, 0x00000000d5580000)
  object space 224256K, 17% used [0x0000000080000000,0x00000000826f37f8,0x000000008db00000)
 Metaspace       used 75499K, capacity 79190K, committed 79384K, reserved 1118208K
  class space    used 10021K, capacity 10688K, committed 10800K, reserved 1048576K
Event: 81.670 GC heap after
Heap after GC invocations=13 (full 3):
 PSYoungGen      total 277504K, used 24547K [0x00000000d5580000, 0x00000000e7c80000, 0x0000000100000000)
  eden space 252928K, 0% used [0x00000000d5580000,0x00000000d5580000,0x00000000e4c80000)
  from space 24576K, 99% used [0x00000000e6480000,0x00000000e7c78f98,0x00000000e7c80000)
  to   space 19968K, 0% used [0x00000000e4f00000,0x00000000e4f00000,0x00000000e6280000)
 ParOldGen       total 224256K, used 47004K [0x0000000080000000, 0x000000008db00000, 0x00000000d5580000)
  object space 224256K, 20% used [0x0000000080000000,0x0000000082de73a8,0x000000008db00000)
 Metaspace       used 75499K, capacity 79190K, committed 79384K, reserved 1118208K
  class space    used 10021K, capacity 10688K, committed 10800K, reserved 1048576K
}

