# JRE version: OpenJDK Runtime Environment (8.0_242-b01) (build 1.8.0_242-release-1644-b01)
# Java VM: OpenJDK 64-Bit Server VM (25.242-b01 mixed mode windows-amd64 compressed oops)
Heap:
 PSYoungGen      total 155136K, used 36636K [0x00000000d5580000, 0x00000000e2b00000, 0x0000000100000000)
  eden space 133120K, 11% used [0x00000000d5580000,0x00000000d64a8a50,0x00000000dd780000)
  from space 22016K, 95% used [0x00000000dd780000,0x00000000dec1e868,0x00000000ded00000)
  to   space 24576K, 0% used [0x00000000e1300000,0x00000000e1300000,0x00000000e2b00000)
 ParOldGen       total 241152K, used 30018K [0x0000000080000000, 0x000000008eb80000, 0x00000000d5580000)
  object space 241152K, 12% used [0x0000000080000000,0x0000000081d50bb8,0x000000008eb80000)
 Metaspace       used 66930K, capacity 70140K, committed 70296K, reserved 1110016K
  class space    used 9180K, capacity 9823K, committed 9896K, reserved 1048576K
GC Heap History (10 events):
Event: 14.014 GC heap before
{Heap before GC invocations=10 (full 2):
 PSYoungGen      total 122880K, used 122872K [0x00000000d5580000, 0x00000000dfd80000, 0x0000000100000000)
  eden space 109568K, 100% used [0x00000000d5580000,0x00000000dc080000,0x00000000dc080000)
  from space 13312K, 99% used [0x00000000dc080000,0x00000000dcd7e370,0x00000000dcd80000)
  to   space 16896K, 0% used [0x00000000ded00000,0x00000000ded00000,0x00000000dfd80000)
 ParOldGen       total 241152K, used 21220K [0x0000000080000000, 0x000000008eb80000, 0x00000000d5580000)
  object space 241152K, 8% used [0x0000000080000000,0x00000000814b93a8,0x000000008eb80000)
 Metaspace       used 56449K, capacity 58734K, committed 58920K, reserved 1099776K
  class space    used 7658K, capacity 8132K, committed 8232K, reserved 1048576K
Event: 14.050 GC heap after
Heap after GC invocations=10 (full 2):
 PSYoungGen      total 150016K, used 16876K [0x00000000d5580000, 0x00000000e0d00000, 0x0000000100000000)
  eden space 133120K, 0% used [0x00000000d5580000,0x00000000d5580000,0x00000000dd780000)
  from space 16896K, 99% used [0x00000000ded00000,0x00000000dfd7b330,0x00000000dfd80000)
  to   space 22016K, 0% used [0x00000000dd780000,0x00000000dd780000,0x00000000ded00000)
 ParOldGen       total 241152K, used 28133K [0x0000000080000000, 0x000000008eb80000, 0x00000000d5580000)
  object space 241152K, 11% used [0x0000000080000000,0x0000000081b794f0,0x000000008eb80000)
 Metaspace       used 56449K, capacity 58734K, committed 58920K, reserved 1099776K
  class space    used 7658K, capacity 8132K, committed 8232K, reserved 1048576K
}
Event: 14.142 GC heap before
{Heap before GC invocations=11 (full 2):
 PSYoungGen      total 150016K, used 21826K [0x00000000d5580000, 0x00000000e0d00000, 0x0000000100000000)
  eden space 133120K, 3% used [0x00000000d5580000,0x00000000d5a55558,0x00000000dd780000)
  from space 16896K, 99% used [0x00000000ded00000,0x00000000dfd7b330,0x00000000dfd80000)
  to   space 22016K, 0% used [0x00000000dd780000,0x00000000dd780000,0x00000000ded00000)
 ParOldGen       total 241152K, used 28133K [0x0000000080000000, 0x000000008eb80000, 0x00000000d5580000)
  object space 241152K, 11% used [0x0000000080000000,0x0000000081b794f0,0x000000008eb80000)
 Metaspace       used 56782K, capacity 59034K, committed 59160K, reserved 1099776K
  class space    used 7703K, capacity 8166K, committed 8232K, reserved 1048576K
Event: 14.162 GC heap after
Heap after GC invocations=11 (full 2):
 PSYoungGen      total 155136K, used 17316K [0x00000000d5580000, 0x00000000e0d00000, 0x0000000100000000)
  eden space 133120K, 0% used [0x00000000d5580000,0x00000000d5580000,0x00000000dd780000)
  from space 22016K, 78% used [0x00000000dd780000,0x00000000de869258,0x00000000ded00000)
  to   space 16896K, 0% used [0x00000000ded00000,0x00000000ded00000,0x00000000dfd80000)
 ParOldGen       total 241152K, used 28141K [0x0000000080000000, 0x000000008eb80000, 0x00000000d5580000)
  object space 241152K, 11% used [0x0000000080000000,0x0000000081b7b4f0,0x000000008eb80000)
 Metaspace       used 56782K, capacity 59034K, committed 59160K, reserved 1099776K
  class space    used 7703K, capacity 8166K, committed 8232K, reserved 1048576K
}
Event: 14.162 GC heap before
{Heap before GC invocations=12 (full 3):
 PSYoungGen      total 155136K, used 17316K [0x00000000d5580000, 0x00000000e0d00000, 0x0000000100000000)
  eden space 133120K, 0% used [0x00000000d5580000,0x00000000d5580000,0x00000000dd780000)
  from space 22016K, 78% used [0x00000000dd780000,0x00000000de869258,0x00000000ded00000)
  to   space 16896K, 0% used [0x00000000ded00000,0x00000000ded00000,0x00000000dfd80000)
 ParOldGen       total 241152K, used 28141K [0x0000000080000000, 0x000000008eb80000, 0x00000000d5580000)
  object space 241152K, 11% used [0x0000000080000000,0x0000000081b7b4f0,0x000000008eb80000)
 Metaspace       used 56782K, capacity 59034K, committed 59160K, reserved 1099776K
  class space    used 7703K, capacity 8166K, committed 8232K, reserved 1048576K
Event: 14.666 GC heap after
Heap after GC invocations=12 (full 3):
 PSYoungGen      total 155136K, used 0K [0x00000000d5580000, 0x00000000e0d00000, 0x0000000100000000)
  eden space 133120K, 0% used [0x00000000d5580000,0x00000000d5580000,0x00000000dd780000)
  from space 22016K, 0% used [0x00000000dd780000,0x00000000dd780000,0x00000000ded00000)
  to   space 16896K, 0% used [0x00000000ded00000,0x00000000ded00000,0x00000000dfd80000)
 ParOldGen       total 241152K, used 30002K [0x0000000080000000, 0x000000008eb80000, 0x00000000d5580000)
  object space 241152K, 12% used [0x0000000080000000,0x0000000081d4cbb8,0x000000008eb80000)
 Metaspace       used 56741K, capacity 58896K, committed 59160K, reserved 1099776K
  class space    used 7690K, capacity 8143K, committed 8232K, reserved 1048576K
}
Event: 18.018 GC heap before
{Heap before GC invocations=13 (full 3):
 PSYoungGen      total 155136K, used 133120K [0x00000000d5580000, 0x00000000e0d00000, 0x0000000100000000)
  eden space 133120K, 100% used [0x00000000d5580000,0x00000000dd780000,0x00000000dd780000)
  from space 22016K, 0% used [0x00000000dd780000,0x00000000dd780000,0x00000000ded00000)
  to   space 16896K, 0% used [0x00000000ded00000,0x00000000ded00000,0x00000000dfd80000)
 ParOldGen       total 241152K, used 30002K [0x0000000080000000, 0x000000008eb80000, 0x00000000d5580000)
  object space 241152K, 12% used [0x0000000080000000,0x0000000081d4cbb8,0x000000008eb80000)
 Metaspace       used 65098K, capacity 68092K, committed 68248K, reserved 1107968K
  class space    used 9013K, capacity 9599K, committed 9640K, reserved 1048576K
Event: 18.033 GC heap after
Heap after GC invocations=13 (full 3):
 PSYoungGen      total 150016K, used 13754K [0x00000000d5580000, 0x00000000e0d00000, 0x0000000100000000)
  eden space 133120K, 0% used [0x00000000d5580000,0x00000000d5580000,0x00000000dd780000)
  from space 16896K, 81% used [0x00000000ded00000,0x00000000dfa6e8c0,0x00000000dfd80000)
  to   space 22016K, 0% used [0x00000000dd780000,0x00000000dd780000,0x00000000ded00000)
 ParOldGen       total 241152K, used 30010K [0x0000000080000000, 0x000000008eb80000, 0x00000000d5580000)
  object space 241152K, 12% used [0x0000000080000000,0x0000000081d4ebb8,0x000000008eb80000)
 Metaspace       used 65098K, capacity 68092K, committed 68248K, reserved 1107968K
  class space    used 9013K, capacity 9599K, committed 9640K, reserved 1048576K
}
Event: 23.532 GC heap before
{Heap before GC invocations=14 (full 3):
 PSYoungGen      total 150016K, used 146665K [0x00000000d5580000, 0x00000000e0d00000, 0x0000000100000000)
  eden space 133120K, 99% used [0x00000000d5580000,0x00000000dd74bef8,0x00000000dd780000)
  from space 16896K, 81% used [0x00000000ded00000,0x00000000dfa6e8c0,0x00000000dfd80000)
  to   space 22016K, 0% used [0x00000000dd780000,0x00000000dd780000,0x00000000ded00000)
 ParOldGen       total 241152K, used 30010K [0x0000000080000000, 0x000000008eb80000, 0x00000000d5580000)
  object space 241152K, 12% used [0x0000000080000000,0x0000000081d4ebb8,0x000000008eb80000)
 Metaspace       used 66918K, capacity 70140K, committed 70296K, reserved 1110016K
  class space    used 9180K, capacity 9823K, committed 9896K, reserved 1048576K
Event: 23.555 GC heap after
Heap after GC invocations=14 (full 3):
 PSYoungGen      total 155136K, used 21114K [0x00000000d5580000, 0x00000000e2b00000, 0x0000000100000000)
  eden space 133120K, 0% used [0x00000000d5580000,0x00000000d5580000,0x00000000dd780000)
  from space 22016K, 95% used [0x00000000dd780000,0x00000000dec1e868,0x00000000ded00000)
  to   space 24576K, 0% used [0x00000000e1300000,0x00000000e1300000,0x00000000e2b00000)
 ParOldGen       total 241152K, used 30018K [0x0000000080000000, 0x000000008eb80000, 0x00000000d5580000)
  object space 241152K, 12% used [0x0000000080000000,0x0000000081d50bb8,0x000000008eb80000)
 Metaspace       used 66918K, capacity 70140K, committed 70296K, reserved 1110016K
  class space    used 9180K, capacity 9823K, committed 9896K, reserved 1048576K
}

