# JRE version: OpenJDK Runtime Environment (8.0_242-b01) (build 1.8.0_242-release-1644-b01)
# Java VM: OpenJDK 64-Bit Server VM (25.242-b01 mixed mode windows-amd64 compressed oops)
Heap:
 PSYoungGen      total 148480K, used 33785K [0x00000000d5580000, 0x00000000e3080000, 0x0000000100000000)
  eden space 126464K, 26% used [0x00000000d5580000,0x00000000d767e710,0x00000000dd100000)
  from space 22016K, 0% used [0x00000000dd100000,0x00000000dd100000,0x00000000de680000)
  to   space 22528K, 0% used [0x00000000e1a80000,0x00000000e1a80000,0x00000000e3080000)
 ParOldGen       total 311808K, used 29746K [0x0000000080000000, 0x0000000093080000, 0x00000000d5580000)
  object space 311808K, 9% used [0x0000000080000000,0x0000000081d0c870,0x0000000093080000)
 Metaspace       used 58507K, capacity 60800K, committed 60952K, reserved 1101824K
  class space    used 7993K, capacity 8471K, committed 8496K, reserved 1048576K
GC Heap History (10 events):
Event: 9.984 GC heap before
{Heap before GC invocations=8 (full 2):
 PSYoungGen      total 95744K, used 82432K [0x00000000d5580000, 0x00000000de600000, 0x0000000100000000)
  eden space 82432K, 100% used [0x00000000d5580000,0x00000000da600000,0x00000000da600000)
  from space 13312K, 0% used [0x00000000da600000,0x00000000da600000,0x00000000db300000)
  to   space 12800K, 0% used [0x00000000dd980000,0x00000000dd980000,0x00000000de600000)
 ParOldGen       total 238592K, used 17210K [0x0000000080000000, 0x000000008e900000, 0x00000000d5580000)
  object space 238592K, 7% used [0x0000000080000000,0x00000000810cea58,0x000000008e900000)
 Metaspace       used 36750K, capacity 38312K, committed 38440K, reserved 1083392K
  class space    used 5059K, capacity 5353K, committed 5424K, reserved 1048576K
Event: 9.995 GC heap after
Heap after GC invocations=8 (full 2):
 PSYoungGen      total 110592K, used 6235K [0x00000000d5580000, 0x00000000de000000, 0x0000000100000000)
  eden space 103936K, 0% used [0x00000000d5580000,0x00000000d5580000,0x00000000dbb00000)
  from space 6656K, 93% used [0x00000000dd980000,0x00000000ddf96f60,0x00000000de000000)
  to   space 13312K, 0% used [0x00000000dc600000,0x00000000dc600000,0x00000000dd300000)
 ParOldGen       total 238592K, used 17218K [0x0000000080000000, 0x000000008e900000, 0x00000000d5580000)
  object space 238592K, 7% used [0x0000000080000000,0x00000000810d0a58,0x000000008e900000)
 Metaspace       used 36750K, capacity 38312K, committed 38440K, reserved 1083392K
  class space    used 5059K, capacity 5353K, committed 5424K, reserved 1048576K
}
Event: 12.312 GC heap before
{Heap before GC invocations=9 (full 2):
 PSYoungGen      total 110592K, used 110171K [0x00000000d5580000, 0x00000000de000000, 0x0000000100000000)
  eden space 103936K, 100% used [0x00000000d5580000,0x00000000dbb00000,0x00000000dbb00000)
  from space 6656K, 93% used [0x00000000dd980000,0x00000000ddf96f60,0x00000000de000000)
  to   space 13312K, 0% used [0x00000000dc600000,0x00000000dc600000,0x00000000dd300000)
 ParOldGen       total 238592K, used 17218K [0x0000000080000000, 0x000000008e900000, 0x00000000d5580000)
  object space 238592K, 7% used [0x0000000080000000,0x00000000810d0a58,0x000000008e900000)
 Metaspace       used 46756K, capacity 48642K, committed 48936K, reserved 1091584K
  class space    used 6323K, capacity 6671K, committed 6704K, reserved 1048576K
Event: 12.337 GC heap after
Heap after GC invocations=9 (full 2):
 PSYoungGen      total 128512K, used 13281K [0x00000000d5580000, 0x00000000df680000, 0x0000000100000000)
  eden space 115200K, 0% used [0x00000000d5580000,0x00000000d5580000,0x00000000dc600000)
  from space 13312K, 99% used [0x00000000dc600000,0x00000000dd2f85f0,0x00000000dd300000)
  to   space 16384K, 0% used [0x00000000de680000,0x00000000de680000,0x00000000df680000)
 ParOldGen       total 238592K, used 20402K [0x0000000080000000, 0x000000008e900000, 0x00000000d5580000)
  object space 238592K, 8% used [0x0000000080000000,0x00000000813ecb10,0x000000008e900000)
 Metaspace       used 46756K, capacity 48642K, committed 48936K, reserved 1091584K
  class space    used 6323K, capacity 6671K, committed 6704K, reserved 1048576K
}
Event: 15.321 GC heap before
{Heap before GC invocations=10 (full 2):
 PSYoungGen      total 128512K, used 128481K [0x00000000d5580000, 0x00000000df680000, 0x0000000100000000)
  eden space 115200K, 100% used [0x00000000d5580000,0x00000000dc600000,0x00000000dc600000)
  from space 13312K, 99% used [0x00000000dc600000,0x00000000dd2f85f0,0x00000000dd300000)
  to   space 16384K, 0% used [0x00000000de680000,0x00000000de680000,0x00000000df680000)
 ParOldGen       total 238592K, used 20402K [0x0000000080000000, 0x000000008e900000, 0x00000000d5580000)
  object space 238592K, 8% used [0x0000000080000000,0x00000000813ecb10,0x000000008e900000)
 Metaspace       used 56537K, capacity 58804K, committed 58920K, reserved 1099776K
  class space    used 7668K, capacity 8133K, committed 8240K, reserved 1048576K
Event: 15.355 GC heap after
Heap after GC invocations=10 (full 2):
 PSYoungGen      total 142848K, used 16383K [0x00000000d5580000, 0x00000000e1080000, 0x0000000100000000)
  eden space 126464K, 0% used [0x00000000d5580000,0x00000000d5580000,0x00000000dd100000)
  from space 16384K, 99% used [0x00000000de680000,0x00000000df67ff48,0x00000000df680000)
  to   space 22016K, 0% used [0x00000000dd100000,0x00000000dd100000,0x00000000de680000)
 ParOldGen       total 238592K, used 28305K [0x0000000080000000, 0x000000008e900000, 0x00000000d5580000)
  object space 238592K, 11% used [0x0000000080000000,0x0000000081ba4440,0x000000008e900000)
 Metaspace       used 56537K, capacity 58804K, committed 58920K, reserved 1099776K
  class space    used 7668K, capacity 8133K, committed 8240K, reserved 1048576K
}
Event: 15.428 GC heap before
{Heap before GC invocations=11 (full 2):
 PSYoungGen      total 142848K, used 18817K [0x00000000d5580000, 0x00000000e1080000, 0x0000000100000000)
  eden space 126464K, 1% used [0x00000000d5580000,0x00000000d57e0738,0x00000000dd100000)
  from space 16384K, 99% used [0x00000000de680000,0x00000000df67ff48,0x00000000df680000)
  to   space 22016K, 0% used [0x00000000dd100000,0x00000000dd100000,0x00000000de680000)
 ParOldGen       total 238592K, used 28305K [0x0000000080000000, 0x000000008e900000, 0x00000000d5580000)
  object space 238592K, 11% used [0x0000000080000000,0x0000000081ba4440,0x000000008e900000)
 Metaspace       used 56721K, capacity 59034K, committed 59160K, reserved 1099776K
  class space    used 7696K, capacity 8166K, committed 8240K, reserved 1048576K
Event: 15.446 GC heap after
Heap after GC invocations=11 (full 2):
 PSYoungGen      total 148480K, used 16785K [0x00000000d5580000, 0x00000000e3080000, 0x0000000100000000)
  eden space 126464K, 0% used [0x00000000d5580000,0x00000000d5580000,0x00000000dd100000)
  from space 22016K, 76% used [0x00000000dd100000,0x00000000de164450,0x00000000de680000)
  to   space 22528K, 0% used [0x00000000e1a80000,0x00000000e1a80000,0x00000000e3080000)
 ParOldGen       total 238592K, used 28313K [0x0000000080000000, 0x000000008e900000, 0x00000000d5580000)
  object space 238592K, 11% used [0x0000000080000000,0x0000000081ba6440,0x000000008e900000)
 Metaspace       used 56721K, capacity 59034K, committed 59160K, reserved 1099776K
  class space    used 7696K, capacity 8166K, committed 8240K, reserved 1048576K
}
Event: 15.446 GC heap before
{Heap before GC invocations=12 (full 3):
 PSYoungGen      total 148480K, used 16785K [0x00000000d5580000, 0x00000000e3080000, 0x0000000100000000)
  eden space 126464K, 0% used [0x00000000d5580000,0x00000000d5580000,0x00000000dd100000)
  from space 22016K, 76% used [0x00000000dd100000,0x00000000de164450,0x00000000de680000)
  to   space 22528K, 0% used [0x00000000e1a80000,0x00000000e1a80000,0x00000000e3080000)
 ParOldGen       total 238592K, used 28313K [0x0000000080000000, 0x000000008e900000, 0x00000000d5580000)
  object space 238592K, 11% used [0x0000000080000000,0x0000000081ba6440,0x000000008e900000)
 Metaspace       used 56721K, capacity 59034K, committed 59160K, reserved 1099776K
  class space    used 7696K, capacity 8166K, committed 8240K, reserved 1048576K
Event: 15.958 GC heap after
Heap after GC invocations=12 (full 3):
 PSYoungGen      total 148480K, used 0K [0x00000000d5580000, 0x00000000e3080000, 0x0000000100000000)
  eden space 126464K, 0% used [0x00000000d5580000,0x00000000d5580000,0x00000000dd100000)
  from space 22016K, 0% used [0x00000000dd100000,0x00000000dd100000,0x00000000de680000)
  to   space 22528K, 0% used [0x00000000e1a80000,0x00000000e1a80000,0x00000000e3080000)
 ParOldGen       total 311808K, used 29746K [0x0000000080000000, 0x0000000093080000, 0x00000000d5580000)
  object space 311808K, 9% used [0x0000000080000000,0x0000000081d0c870,0x0000000093080000)
 Metaspace       used 56680K, capacity 58896K, committed 59160K, reserved 1099776K
  class space    used 7684K, capacity 8143K, committed 8240K, reserved 1048576K
}

