# JRE version: OpenJDK Runtime Environment (8.0_242-b01) (build 1.8.0_242-release-1644-b01)
# Java VM: OpenJDK 64-Bit Server VM (25.242-b01 mixed mode windows-amd64 compressed oops)
Heap:
 PSYoungGen      total 182272K, used 152722K [0x00000000d5580000, 0x00000000e4880000, 0x0000000100000000)
  eden space 160256K, 81% used [0x00000000d5580000,0x00000000dd524b50,0x00000000df200000)
  from space 22016K, 99% used [0x00000000df200000,0x00000000e077feb8,0x00000000e0780000)
  to   space 27136K, 0% used [0x00000000e2e00000,0x00000000e2e00000,0x00000000e4880000)
 ParOldGen       total 246784K, used 36985K [0x0000000080000000, 0x000000008f100000, 0x00000000d5580000)
  object space 246784K, 14% used [0x0000000080000000,0x000000008241e768,0x000000008f100000)
 Metaspace       used 70542K, capacity 73764K, committed 74008K, reserved 1114112K
  class space    used 9529K, capacity 10173K, committed 10288K, reserved 1048576K
GC Heap History (10 events):
Event: 16.676 GC heap before
{Heap before GC invocations=10 (full 2):
 PSYoungGen      total 120832K, used 120813K [0x00000000d5580000, 0x00000000df580000, 0x0000000100000000)
  eden space 107520K, 100% used [0x00000000d5580000,0x00000000dbe80000,0x00000000dbe80000)
  from space 13312K, 99% used [0x00000000dbe80000,0x00000000dcb7b400,0x00000000dcb80000)
  to   space 16384K, 0% used [0x00000000de580000,0x00000000de580000,0x00000000df580000)
 ParOldGen       total 246784K, used 20673K [0x0000000080000000, 0x000000008f100000, 0x00000000d5580000)
  object space 246784K, 8% used [0x0000000080000000,0x0000000081430450,0x000000008f100000)
 Metaspace       used 56309K, capacity 58598K, committed 58792K, reserved 1099776K
  class space    used 7634K, capacity 8092K, committed 8112K, reserved 1048576K
Event: 16.714 GC heap after
Heap after GC invocations=10 (full 2):
 PSYoungGen      total 142336K, used 16364K [0x00000000d5580000, 0x00000000e0580000, 0x0000000100000000)
  eden space 125952K, 0% used [0x00000000d5580000,0x00000000d5580000,0x00000000dd080000)
  from space 16384K, 99% used [0x00000000de580000,0x00000000df57b310,0x00000000df580000)
  to   space 21504K, 0% used [0x00000000dd080000,0x00000000dd080000,0x00000000de580000)
 ParOldGen       total 246784K, used 28201K [0x0000000080000000, 0x000000008f100000, 0x00000000d5580000)
  object space 246784K, 11% used [0x0000000080000000,0x0000000081b8a488,0x000000008f100000)
 Metaspace       used 56309K, capacity 58598K, committed 58792K, reserved 1099776K
  class space    used 7634K, capacity 8092K, committed 8112K, reserved 1048576K
}
Event: 16.920 GC heap before
{Heap before GC invocations=11 (full 2):
 PSYoungGen      total 142336K, used 25484K [0x00000000d5580000, 0x00000000e0580000, 0x0000000100000000)
  eden space 125952K, 7% used [0x00000000d5580000,0x00000000d5e67db0,0x00000000dd080000)
  from space 16384K, 99% used [0x00000000de580000,0x00000000df57b310,0x00000000df580000)
  to   space 21504K, 0% used [0x00000000dd080000,0x00000000dd080000,0x00000000de580000)
 ParOldGen       total 246784K, used 28201K [0x0000000080000000, 0x000000008f100000, 0x00000000d5580000)
  object space 246784K, 11% used [0x0000000080000000,0x0000000081b8a488,0x000000008f100000)
 Metaspace       used 56871K, capacity 59064K, committed 59160K, reserved 1099776K
  class space    used 7708K, capacity 8159K, committed 8240K, reserved 1048576K
Event: 16.941 GC heap after
Heap after GC invocations=11 (full 2):
 PSYoungGen      total 147456K, used 16969K [0x00000000d5580000, 0x00000000e2600000, 0x0000000100000000)
  eden space 125952K, 0% used [0x00000000d5580000,0x00000000d5580000,0x00000000dd080000)
  from space 21504K, 78% used [0x00000000dd080000,0x00000000de112500,0x00000000de580000)
  to   space 22528K, 0% used [0x00000000e1000000,0x00000000e1000000,0x00000000e2600000)
 ParOldGen       total 246784K, used 28209K [0x0000000080000000, 0x000000008f100000, 0x00000000d5580000)
  object space 246784K, 11% used [0x0000000080000000,0x0000000081b8c488,0x000000008f100000)
 Metaspace       used 56871K, capacity 59064K, committed 59160K, reserved 1099776K
  class space    used 7708K, capacity 8159K, committed 8240K, reserved 1048576K
}
Event: 16.941 GC heap before
{Heap before GC invocations=12 (full 3):
 PSYoungGen      total 147456K, used 16969K [0x00000000d5580000, 0x00000000e2600000, 0x0000000100000000)
  eden space 125952K, 0% used [0x00000000d5580000,0x00000000d5580000,0x00000000dd080000)
  from space 21504K, 78% used [0x00000000dd080000,0x00000000de112500,0x00000000de580000)
  to   space 22528K, 0% used [0x00000000e1000000,0x00000000e1000000,0x00000000e2600000)
 ParOldGen       total 246784K, used 28209K [0x0000000080000000, 0x000000008f100000, 0x00000000d5580000)
  object space 246784K, 11% used [0x0000000080000000,0x0000000081b8c488,0x000000008f100000)
 Metaspace       used 56871K, capacity 59064K, committed 59160K, reserved 1099776K
  class space    used 7708K, capacity 8159K, committed 8240K, reserved 1048576K
Event: 17.459 GC heap after
Heap after GC invocations=12 (full 3):
 PSYoungGen      total 147456K, used 0K [0x00000000d5580000, 0x00000000e2600000, 0x0000000100000000)
  eden space 125952K, 0% used [0x00000000d5580000,0x00000000d5580000,0x00000000dd080000)
  from space 21504K, 0% used [0x00000000dd080000,0x00000000dd080000,0x00000000de580000)
  to   space 22528K, 0% used [0x00000000e1000000,0x00000000e1000000,0x00000000e2600000)
 ParOldGen       total 246784K, used 29887K [0x0000000080000000, 0x000000008f100000, 0x00000000d5580000)
  object space 246784K, 12% used [0x0000000080000000,0x0000000081d2fd78,0x000000008f100000)
 Metaspace       used 56845K, capacity 58974K, committed 59160K, reserved 1099776K
  class space    used 7700K, capacity 8144K, committed 8240K, reserved 1048576K
}
Event: 21.232 GC heap before
{Heap before GC invocations=13 (full 3):
 PSYoungGen      total 147456K, used 125952K [0x00000000d5580000, 0x00000000e2600000, 0x0000000100000000)
  eden space 125952K, 100% used [0x00000000d5580000,0x00000000dd080000,0x00000000dd080000)
  from space 21504K, 0% used [0x00000000dd080000,0x00000000dd080000,0x00000000de580000)
  to   space 22528K, 0% used [0x00000000e1000000,0x00000000e1000000,0x00000000e2600000)
 ParOldGen       total 246784K, used 29887K [0x0000000080000000, 0x000000008f100000, 0x00000000d5580000)
  object space 246784K, 12% used [0x0000000080000000,0x0000000081d2fd78,0x000000008f100000)
 Metaspace       used 64803K, capacity 67446K, committed 67608K, reserved 1107968K
  class space    used 8935K, capacity 9462K, committed 9520K, reserved 1048576K
Event: 21.263 GC heap after
Heap after GC invocations=13 (full 3):
 PSYoungGen      total 171008K, used 12977K [0x00000000d5580000, 0x00000000e1d00000, 0x0000000100000000)
  eden space 157696K, 0% used [0x00000000d5580000,0x00000000d5580000,0x00000000def80000)
  from space 13312K, 97% used [0x00000000e1000000,0x00000000e1cac740,0x00000000e1d00000)
  to   space 22016K, 0% used [0x00000000df200000,0x00000000df200000,0x00000000e0780000)
 ParOldGen       total 246784K, used 29895K [0x0000000080000000, 0x000000008f100000, 0x00000000d5580000)
  object space 246784K, 12% used [0x0000000080000000,0x0000000081d31d78,0x000000008f100000)
 Metaspace       used 64803K, capacity 67446K, committed 67608K, reserved 1107968K
  class space    used 8935K, capacity 9462K, committed 9520K, reserved 1048576K
}
Event: 24.214 GC heap before
{Heap before GC invocations=14 (full 3):
 PSYoungGen      total 171008K, used 170673K [0x00000000d5580000, 0x00000000e1d00000, 0x0000000100000000)
  eden space 157696K, 100% used [0x00000000d5580000,0x00000000def80000,0x00000000def80000)
  from space 13312K, 97% used [0x00000000e1000000,0x00000000e1cac740,0x00000000e1d00000)
  to   space 22016K, 0% used [0x00000000df200000,0x00000000df200000,0x00000000e0780000)
 ParOldGen       total 246784K, used 29895K [0x0000000080000000, 0x000000008f100000, 0x00000000d5580000)
  object space 246784K, 12% used [0x0000000080000000,0x0000000081d31d78,0x000000008f100000)
 Metaspace       used 66858K, capacity 69938K, committed 70168K, reserved 1110016K
  class space    used 9142K, capacity 9762K, committed 9776K, reserved 1048576K
Event: 24.251 GC heap after
Heap after GC invocations=14 (full 3):
 PSYoungGen      total 182272K, used 22015K [0x00000000d5580000, 0x00000000e4880000, 0x0000000100000000)
  eden space 160256K, 0% used [0x00000000d5580000,0x00000000d5580000,0x00000000df200000)
  from space 22016K, 99% used [0x00000000df200000,0x00000000e077feb8,0x00000000e0780000)
  to   space 27136K, 0% used [0x00000000e2e00000,0x00000000e2e00000,0x00000000e4880000)
 ParOldGen       total 246784K, used 36985K [0x0000000080000000, 0x000000008f100000, 0x00000000d5580000)
  object space 246784K, 14% used [0x0000000080000000,0x000000008241e768,0x000000008f100000)
 Metaspace       used 66858K, capacity 69938K, committed 70168K, reserved 1110016K
  class space    used 9142K, capacity 9762K, committed 9776K, reserved 1048576K
}

