# JRE version: OpenJDK Runtime Environment (8.0_242-b01) (build 1.8.0_242-release-1644-b01)
# Java VM: OpenJDK 64-Bit Server VM (25.242-b01 mixed mode windows-amd64 compressed oops)
Heap:
 PSYoungGen      total 211968K, used 188716K [0x00000000d5580000, 0x00000000e5c00000, 0x0000000100000000)
  eden space 173568K, 86% used [0x00000000d5580000,0x00000000de84ca48,0x00000000dff00000)
  from space 38400K, 99% used [0x00000000e3680000,0x00000000e5bfe608,0x00000000e5c00000)
  to   space 29696K, 0% used [0x00000000dff00000,0x00000000dff00000,0x00000000e1c00000)
 ParOldGen       total 352768K, used 69921K [0x0000000080000000, 0x0000000095880000, 0x00000000d5580000)
  object space 352768K, 19% used [0x0000000080000000,0x0000000084448748,0x0000000095880000)
 Metaspace       used 92422K, capacity 97692K, committed 97816K, reserved 1132544K
  class space    used 12766K, capacity 13860K, committed 13872K, reserved 1048576K
GC Heap History (10 events):
Event: 25.372 GC heap before
{Heap before GC invocations=13 (full 3):
 PSYoungGen      total 163840K, used 156027K [0x00000000d5580000, 0x00000000e1b80000, 0x0000000100000000)
  eden space 141824K, 100% used [0x00000000d5580000,0x00000000de000000,0x00000000de000000)
  from space 22016K, 64% used [0x00000000de000000,0x00000000deddef38,0x00000000df580000)
  to   space 22016K, 0% used [0x00000000e0600000,0x00000000e0600000,0x00000000e1b80000)
 ParOldGen       total 352768K, used 36328K [0x0000000080000000, 0x0000000095880000, 0x00000000d5580000)
  object space 352768K, 10% used [0x0000000080000000,0x000000008237a320,0x0000000095880000)
 Metaspace       used 68283K, capacity 71480K, committed 71704K, reserved 1112064K
  class space    used 9336K, capacity 9937K, committed 10032K, reserved 1048576K
Event: 25.391 GC heap after
Heap after GC invocations=13 (full 3):
 PSYoungGen      total 177664K, used 14460K [0x00000000d5580000, 0x00000000e1980000, 0x0000000100000000)
  eden space 157696K, 0% used [0x00000000d5580000,0x00000000d5580000,0x00000000def80000)
  from space 19968K, 72% used [0x00000000e0600000,0x00000000e141f3d0,0x00000000e1980000)
  to   space 21504K, 0% used [0x00000000def80000,0x00000000def80000,0x00000000e0480000)
 ParOldGen       total 352768K, used 36336K [0x0000000080000000, 0x0000000095880000, 0x00000000d5580000)
  object space 352768K, 10% used [0x0000000080000000,0x000000008237c320,0x0000000095880000)
 Metaspace       used 68283K, capacity 71480K, committed 71704K, reserved 1112064K
  class space    used 9336K, capacity 9937K, committed 10032K, reserved 1048576K
}
Event: 27.858 GC heap before
{Heap before GC invocations=14 (full 3):
 PSYoungGen      total 177664K, used 172156K [0x00000000d5580000, 0x00000000e1980000, 0x0000000100000000)
  eden space 157696K, 100% used [0x00000000d5580000,0x00000000def80000,0x00000000def80000)
  from space 19968K, 72% used [0x00000000e0600000,0x00000000e141f3d0,0x00000000e1980000)
  to   space 21504K, 0% used [0x00000000def80000,0x00000000def80000,0x00000000e0480000)
 ParOldGen       total 352768K, used 36336K [0x0000000080000000, 0x0000000095880000, 0x00000000d5580000)
  object space 352768K, 10% used [0x0000000080000000,0x000000008237c320,0x0000000095880000)
 Metaspace       used 71897K, capacity 75210K, committed 75416K, reserved 1114112K
  class space    used 9783K, capacity 10400K, committed 10416K, reserved 1048576K
Event: 27.892 GC heap after
Heap after GC invocations=14 (full 3):
 PSYoungGen      total 179200K, used 21488K [0x00000000d5580000, 0x00000000e3480000, 0x0000000100000000)
  eden space 157696K, 0% used [0x00000000d5580000,0x00000000d5580000,0x00000000def80000)
  from space 21504K, 99% used [0x00000000def80000,0x00000000e047c0b0,0x00000000e0480000)
  to   space 25088K, 0% used [0x00000000e1c00000,0x00000000e1c00000,0x00000000e3480000)
 ParOldGen       total 352768K, used 38515K [0x0000000080000000, 0x0000000095880000, 0x00000000d5580000)
  object space 352768K, 10% used [0x0000000080000000,0x000000008259ceb8,0x0000000095880000)
 Metaspace       used 71897K, capacity 75210K, committed 75416K, reserved 1114112K
  class space    used 9783K, capacity 10400K, committed 10416K, reserved 1048576K
}
Event: 34.572 GC heap before
{Heap before GC invocations=15 (full 3):
 PSYoungGen      total 179200K, used 179184K [0x00000000d5580000, 0x00000000e3480000, 0x0000000100000000)
  eden space 157696K, 100% used [0x00000000d5580000,0x00000000def80000,0x00000000def80000)
  from space 21504K, 99% used [0x00000000def80000,0x00000000e047c0b0,0x00000000e0480000)
  to   space 25088K, 0% used [0x00000000e1c00000,0x00000000e1c00000,0x00000000e3480000)
 ParOldGen       total 352768K, used 38515K [0x0000000080000000, 0x0000000095880000, 0x00000000d5580000)
  object space 352768K, 10% used [0x0000000080000000,0x000000008259ceb8,0x0000000095880000)
 Metaspace       used 75865K, capacity 79296K, committed 79512K, reserved 1118208K
  class space    used 10266K, capacity 10889K, committed 10928K, reserved 1048576K
Event: 34.606 GC heap after
Heap after GC invocations=15 (full 3):
 PSYoungGen      total 198656K, used 25065K [0x00000000d5580000, 0x00000000e3c00000, 0x0000000100000000)
  eden space 173568K, 0% used [0x00000000d5580000,0x00000000d5580000,0x00000000dff00000)
  from space 25088K, 99% used [0x00000000e1c00000,0x00000000e347a6d8,0x00000000e3480000)
  to   space 29696K, 0% used [0x00000000dff00000,0x00000000dff00000,0x00000000e1c00000)
 ParOldGen       total 352768K, used 42586K [0x0000000080000000, 0x0000000095880000, 0x00000000d5580000)
  object space 352768K, 12% used [0x0000000080000000,0x0000000082996938,0x0000000095880000)
 Metaspace       used 75865K, capacity 79296K, committed 79512K, reserved 1118208K
  class space    used 10266K, capacity 10889K, committed 10928K, reserved 1048576K
}
Event: 56.025 GC heap before
{Heap before GC invocations=16 (full 3):
 PSYoungGen      total 198656K, used 198633K [0x00000000d5580000, 0x00000000e3c00000, 0x0000000100000000)
  eden space 173568K, 100% used [0x00000000d5580000,0x00000000dff00000,0x00000000dff00000)
  from space 25088K, 99% used [0x00000000e1c00000,0x00000000e347a6d8,0x00000000e3480000)
  to   space 29696K, 0% used [0x00000000dff00000,0x00000000dff00000,0x00000000e1c00000)
 ParOldGen       total 352768K, used 42586K [0x0000000080000000, 0x0000000095880000, 0x00000000d5580000)
  object space 352768K, 12% used [0x0000000080000000,0x0000000082996938,0x0000000095880000)
 Metaspace       used 82842K, capacity 86558K, committed 86680K, reserved 1124352K
  class space    used 11178K, capacity 11883K, committed 11952K, reserved 1048576K
Event: 56.108 GC heap after
Heap after GC invocations=16 (full 3):
 PSYoungGen      total 203264K, used 29674K [0x00000000d5580000, 0x00000000e5c00000, 0x0000000100000000)
  eden space 173568K, 0% used [0x00000000d5580000,0x00000000d5580000,0x00000000dff00000)
  from space 29696K, 99% used [0x00000000dff00000,0x00000000e1bfa868,0x00000000e1c00000)
  to   space 38400K, 0% used [0x00000000e3680000,0x00000000e3680000,0x00000000e5c00000)
 ParOldGen       total 352768K, used 56126K [0x0000000080000000, 0x0000000095880000, 0x00000000d5580000)
  object space 352768K, 15% used [0x0000000080000000,0x00000000836cfae8,0x0000000095880000)
 Metaspace       used 82842K, capacity 86558K, committed 86680K, reserved 1124352K
  class space    used 11178K, capacity 11883K, committed 11952K, reserved 1048576K
}
Event: 56.868 GC heap before
{Heap before GC invocations=17 (full 3):
 PSYoungGen      total 203264K, used 203242K [0x00000000d5580000, 0x00000000e5c00000, 0x0000000100000000)
  eden space 173568K, 100% used [0x00000000d5580000,0x00000000dff00000,0x00000000dff00000)
  from space 29696K, 99% used [0x00000000dff00000,0x00000000e1bfa868,0x00000000e1c00000)
  to   space 38400K, 0% used [0x00000000e3680000,0x00000000e3680000,0x00000000e5c00000)
 ParOldGen       total 352768K, used 56126K [0x0000000080000000, 0x0000000095880000, 0x00000000d5580000)
  object space 352768K, 15% used [0x0000000080000000,0x00000000836cfae8,0x0000000095880000)
 Metaspace       used 83693K, capacity 87554K, committed 87832K, reserved 1124352K
  class space    used 11322K, capacity 12029K, committed 12080K, reserved 1048576K
Event: 56.948 GC heap after
Heap after GC invocations=17 (full 3):
 PSYoungGen      total 211968K, used 38393K [0x00000000d5580000, 0x00000000e5c00000, 0x0000000100000000)
  eden space 173568K, 0% used [0x00000000d5580000,0x00000000d5580000,0x00000000dff00000)
  from space 38400K, 99% used [0x00000000e3680000,0x00000000e5bfe608,0x00000000e5c00000)
  to   space 29696K, 0% used [0x00000000dff00000,0x00000000dff00000,0x00000000e1c00000)
 ParOldGen       total 352768K, used 69921K [0x0000000080000000, 0x0000000095880000, 0x00000000d5580000)
  object space 352768K, 19% used [0x0000000080000000,0x0000000084448748,0x0000000095880000)
 Metaspace       used 83693K, capacity 87554K, committed 87832K, reserved 1124352K
  class space    used 11322K, capacity 12029K, committed 12080K, reserved 1048576K
}

