# JRE version: OpenJDK Runtime Environment (8.0_242-b01) (build 1.8.0_242-release-1644-b01)
# Java VM: OpenJDK 64-Bit Server VM (25.242-b01 mixed mode windows-amd64 compressed oops)
Heap:
 PSYoungGen      total 580096K, used 395523K [0x00000000d5580000, 0x00000000fed00000, 0x0000000100000000)
  eden space 526848K, 64% used [0x00000000d5580000,0x00000000ea3d0a68,0x00000000f5800000)
  from space 53248K, 99% used [0x00000000f6800000,0x00000000f9bf0408,0x00000000f9c00000)
  to   space 76288K, 0% used [0x00000000fa280000,0x00000000fa280000,0x00000000fed00000)
 ParOldGen       total 431616K, used 193358K [0x0000000080000000, 0x000000009a580000, 0x00000000d5580000)
  object space 431616K, 44% used [0x0000000080000000,0x000000008bcd3b00,0x000000009a580000)
 Metaspace       used 131917K, capacity 141690K, committed 141900K, reserved 1173504K
  class space    used 16894K, capacity 18800K, committed 18816K, reserved 1048576K
GC Heap History (10 events):
Event: 3716.821 GC heap before
{Heap before GC invocations=38 (full 5):
 PSYoungGen      total 613888K, used 534013K [0x00000000d5580000, 0x00000000ffe00000, 0x0000000100000000)
  eden space 530944K, 100% used [0x00000000d5580000,0x00000000f5c00000,0x00000000f5c00000)
  from space 82944K, 3% used [0x00000000fad00000,0x00000000fafff640,0x00000000ffe00000)
  to   space 82944K, 0% used [0x00000000f5c00000,0x00000000f5c00000,0x00000000fad00000)
 ParOldGen       total 431616K, used 189388K [0x0000000080000000, 0x000000009a580000, 0x00000000d5580000)
  object space 431616K, 43% used [0x0000000080000000,0x000000008b8f33b8,0x000000009a580000)
 Metaspace       used 122671K, capacity 129260K, committed 129484K, reserved 1161216K
  class space    used 15791K, capacity 17028K, committed 17152K, reserved 1048576K
Event: 3716.846 GC heap after
Heap after GC invocations=38 (full 5):
 PSYoungGen      total 545792K, used 14368K [0x00000000d5580000, 0x00000000ffa00000, 0x0000000100000000)
  eden space 530944K, 0% used [0x00000000d5580000,0x00000000d5580000,0x00000000f5c00000)
  from space 14848K, 96% used [0x00000000f5c00000,0x00000000f6a08258,0x00000000f6a80000)
  to   space 79872K, 0% used [0x00000000fac00000,0x00000000fac00000,0x00000000ffa00000)
 ParOldGen       total 431616K, used 191851K [0x0000000080000000, 0x000000009a580000, 0x00000000d5580000)
  object space 431616K, 44% used [0x0000000080000000,0x000000008bb5aed0,0x000000009a580000)
 Metaspace       used 122671K, capacity 129260K, committed 129484K, reserved 1161216K
  class space    used 15791K, capacity 17028K, committed 17152K, reserved 1048576K
}
Event: 4190.885 GC heap before
{Heap before GC invocations=39 (full 5):
 PSYoungGen      total 545792K, used 545312K [0x00000000d5580000, 0x00000000ffa00000, 0x0000000100000000)
  eden space 530944K, 100% used [0x00000000d5580000,0x00000000f5c00000,0x00000000f5c00000)
  from space 14848K, 96% used [0x00000000f5c00000,0x00000000f6a08258,0x00000000f6a80000)
  to   space 79872K, 0% used [0x00000000fac00000,0x00000000fac00000,0x00000000ffa00000)
 ParOldGen       total 431616K, used 191851K [0x0000000080000000, 0x000000009a580000, 0x00000000d5580000)
  object space 431616K, 44% used [0x0000000080000000,0x000000008bb5aed0,0x000000009a580000)
 Metaspace       used 123283K, capacity 130148K, committed 130380K, reserved 1163264K
  class space    used 15828K, capacity 17084K, committed 17280K, reserved 1048576K
Event: 4190.926 GC heap after
Heap after GC invocations=39 (full 5):
 PSYoungGen      total 614400K, used 6976K [0x00000000d5580000, 0x0000000100000000, 0x0000000100000000)
  eden space 534528K, 0% used [0x00000000d5580000,0x00000000d5580000,0x00000000f5f80000)
  from space 79872K, 8% used [0x00000000fac00000,0x00000000fb2d0030,0x00000000ffa00000)
  to   space 78336K, 0% used [0x00000000f5f80000,0x00000000f5f80000,0x00000000fac00000)
 ParOldGen       total 431616K, used 192649K [0x0000000080000000, 0x000000009a580000, 0x00000000d5580000)
  object space 431616K, 44% used [0x0000000080000000,0x000000008bc22500,0x000000009a580000)
 Metaspace       used 123283K, capacity 130148K, committed 130380K, reserved 1163264K
  class space    used 15828K, capacity 17084K, committed 17280K, reserved 1048576K
}
Event: 6185.601 GC heap before
{Heap before GC invocations=40 (full 5):
 PSYoungGen      total 614400K, used 541504K [0x00000000d5580000, 0x0000000100000000, 0x0000000100000000)
  eden space 534528K, 100% used [0x00000000d5580000,0x00000000f5f80000,0x00000000f5f80000)
  from space 79872K, 8% used [0x00000000fac00000,0x00000000fb2d0030,0x00000000ffa00000)
  to   space 78336K, 0% used [0x00000000f5f80000,0x00000000f5f80000,0x00000000fac00000)
 ParOldGen       total 431616K, used 192649K [0x0000000080000000, 0x000000009a580000, 0x00000000d5580000)
  object space 431616K, 44% used [0x0000000080000000,0x000000008bc22500,0x000000009a580000)
 Metaspace       used 127060K, capacity 135128K, committed 135372K, reserved 1167360K
  class space    used 16305K, capacity 17828K, committed 17920K, reserved 1048576K
Event: 6185.648 GC heap after
Heap after GC invocations=40 (full 5):
 PSYoungGen      total 612864K, used 26066K [0x00000000d5580000, 0x00000000ff480000, 0x0000000100000000)
  eden space 534528K, 0% used [0x00000000d5580000,0x00000000d5580000,0x00000000f5f80000)
  from space 78336K, 33% used [0x00000000f5f80000,0x00000000f78f4ba8,0x00000000fac00000)
  to   space 73216K, 0% used [0x00000000fad00000,0x00000000fad00000,0x00000000ff480000)
 ParOldGen       total 431616K, used 193342K [0x0000000080000000, 0x000000009a580000, 0x00000000d5580000)
  object space 431616K, 44% used [0x0000000080000000,0x000000008bccfb00,0x000000009a580000)
 Metaspace       used 127060K, capacity 135128K, committed 135372K, reserved 1167360K
  class space    used 16305K, capacity 17828K, committed 17920K, reserved 1048576K
}
Event: 6426.125 GC heap before
{Heap before GC invocations=41 (full 5):
 PSYoungGen      total 612864K, used 560594K [0x00000000d5580000, 0x00000000ff480000, 0x0000000100000000)
  eden space 534528K, 100% used [0x00000000d5580000,0x00000000f5f80000,0x00000000f5f80000)
  from space 78336K, 33% used [0x00000000f5f80000,0x00000000f78f4ba8,0x00000000fac00000)
  to   space 73216K, 0% used [0x00000000fad00000,0x00000000fad00000,0x00000000ff480000)
 ParOldGen       total 431616K, used 193342K [0x0000000080000000, 0x000000009a580000, 0x00000000d5580000)
  object space 431616K, 44% used [0x0000000080000000,0x000000008bccfb00,0x000000009a580000)
 Metaspace       used 130115K, capacity 139214K, committed 139340K, reserved 1169408K
  class space    used 16730K, capacity 18448K, committed 18560K, reserved 1048576K
Event: 6426.195 GC heap after
Heap after GC invocations=41 (full 5):
 PSYoungGen      total 616448K, used 31575K [0x00000000d5580000, 0x00000000ff600000, 0x0000000100000000)
  eden space 543232K, 0% used [0x00000000d5580000,0x00000000d5580000,0x00000000f6800000)
  from space 73216K, 43% used [0x00000000fad00000,0x00000000fcbd5fb0,0x00000000ff480000)
  to   space 70656K, 0% used [0x00000000f6800000,0x00000000f6800000,0x00000000fad00000)
 ParOldGen       total 431616K, used 193350K [0x0000000080000000, 0x000000009a580000, 0x00000000d5580000)
  object space 431616K, 44% used [0x0000000080000000,0x000000008bcd1b00,0x000000009a580000)
 Metaspace       used 130115K, capacity 139214K, committed 139340K, reserved 1169408K
  class space    used 16730K, capacity 18448K, committed 18560K, reserved 1048576K
}
Event: 6758.263 GC heap before
{Heap before GC invocations=42 (full 5):
 PSYoungGen      total 616448K, used 574807K [0x00000000d5580000, 0x00000000ff600000, 0x0000000100000000)
  eden space 543232K, 100% used [0x00000000d5580000,0x00000000f6800000,0x00000000f6800000)
  from space 73216K, 43% used [0x00000000fad00000,0x00000000fcbd5fb0,0x00000000ff480000)
  to   space 70656K, 0% used [0x00000000f6800000,0x00000000f6800000,0x00000000fad00000)
 ParOldGen       total 431616K, used 193350K [0x0000000080000000, 0x000000009a580000, 0x00000000d5580000)
  object space 431616K, 44% used [0x0000000080000000,0x000000008bcd1b00,0x000000009a580000)
 Metaspace       used 131517K, capacity 141056K, committed 141388K, reserved 1171456K
  class space    used 16860K, capacity 18705K, committed 18816K, reserved 1048576K
Event: 6758.349 GC heap after
Heap after GC invocations=42 (full 5):
 PSYoungGen      total 580096K, used 53185K [0x00000000d5580000, 0x00000000fed00000, 0x0000000100000000)
  eden space 526848K, 0% used [0x00000000d5580000,0x00000000d5580000,0x00000000f5800000)
  from space 53248K, 99% used [0x00000000f6800000,0x00000000f9bf0408,0x00000000f9c00000)
  to   space 76288K, 0% used [0x00000000fa280000,0x00000000fa280000,0x00000000fed00000)
 ParOldGen       total 431616K, used 193358K [0x0000000080000000, 0x000000009a580000, 0x00000000d5580000)
  object space 431616K, 44% used [0x0000000080000000,0x000000008bcd3b00,0x000000009a580000)
 Metaspace       used 131517K, capacity 141056K, committed 141388K, reserved 1171456K
  class space    used 16860K, capacity 18705K, committed 18816K, reserved 1048576K
}

