# JRE version: OpenJDK Runtime Environment (8.0_242-b01) (build 1.8.0_242-release-1644-b01)
# Java VM: OpenJDK 64-Bit Server VM (25.242-b01 mixed mode windows-amd64 compressed oops)
Heap:
 PSYoungGen      total 176128K, used 166067K [0x00000000d5580000, 0x00000000e3400000, 0x0000000100000000)
  eden space 154112K, 93% used [0x00000000d5580000,0x00000000de22d188,0x00000000dec00000)
  from space 22016K, 99% used [0x00000000dec00000,0x00000000e017fd58,0x00000000e0180000)
  to   space 26112K, 0% used [0x00000000e1a80000,0x00000000e1a80000,0x00000000e3400000)
 ParOldGen       total 248832K, used 34196K [0x0000000080000000, 0x000000008f300000, 0x00000000d5580000)
  object space 248832K, 13% used [0x0000000080000000,0x0000000082165050,0x000000008f300000)
 Metaspace       used 70641K, capacity 73906K, committed 74008K, reserved 1114112K
  class space    used 9545K, capacity 10196K, committed 10288K, reserved 1048576K
GC Heap History (10 events):
Event: 13.575 GC heap before
{Heap before GC invocations=10 (full 2):
 PSYoungGen      total 119296K, used 119276K [0x00000000d5580000, 0x00000000df580000, 0x0000000100000000)
  eden space 105984K, 100% used [0x00000000d5580000,0x00000000dbd00000,0x00000000dbd00000)
  from space 13312K, 99% used [0x00000000dbd00000,0x00000000dc9fb2c8,0x00000000dca00000)
  to   space 16384K, 0% used [0x00000000de580000,0x00000000de580000,0x00000000df580000)
 ParOldGen       total 248832K, used 20596K [0x0000000080000000, 0x000000008f300000, 0x00000000d5580000)
  object space 248832K, 8% used [0x0000000080000000,0x000000008141d0c8,0x000000008f300000)
 Metaspace       used 55906K, capacity 57994K, committed 58280K, reserved 1099776K
  class space    used 7564K, capacity 8036K, committed 8112K, reserved 1048576K
Event: 13.611 GC heap after
Heap after GC invocations=10 (full 2):
 PSYoungGen      total 142336K, used 16364K [0x00000000d5580000, 0x00000000e0400000, 0x0000000100000000)
  eden space 125952K, 0% used [0x00000000d5580000,0x00000000d5580000,0x00000000dd080000)
  from space 16384K, 99% used [0x00000000de580000,0x00000000df57b310,0x00000000df580000)
  to   space 21504K, 0% used [0x00000000dd080000,0x00000000dd080000,0x00000000de580000)
 ParOldGen       total 248832K, used 27679K [0x0000000080000000, 0x000000008f300000, 0x00000000d5580000)
  object space 248832K, 11% used [0x0000000080000000,0x0000000081b07f70,0x000000008f300000)
 Metaspace       used 55906K, capacity 57994K, committed 58280K, reserved 1099776K
  class space    used 7564K, capacity 8036K, committed 8112K, reserved 1048576K
}
Event: 13.920 GC heap before
{Heap before GC invocations=11 (full 2):
 PSYoungGen      total 142336K, used 27616K [0x00000000d5580000, 0x00000000e0400000, 0x0000000100000000)
  eden space 125952K, 8% used [0x00000000d5580000,0x00000000d607cf88,0x00000000dd080000)
  from space 16384K, 99% used [0x00000000de580000,0x00000000df57b310,0x00000000df580000)
  to   space 21504K, 0% used [0x00000000dd080000,0x00000000dd080000,0x00000000de580000)
 ParOldGen       total 248832K, used 27679K [0x0000000080000000, 0x000000008f300000, 0x00000000d5580000)
  object space 248832K, 11% used [0x0000000080000000,0x0000000081b07f70,0x000000008f300000)
 Metaspace       used 56778K, capacity 59008K, committed 59160K, reserved 1099776K
  class space    used 7695K, capacity 8151K, committed 8240K, reserved 1048576K
Event: 13.938 GC heap after
Heap after GC invocations=11 (full 2):
 PSYoungGen      total 147456K, used 17634K [0x00000000d5580000, 0x00000000e2000000, 0x0000000100000000)
  eden space 125952K, 0% used [0x00000000d5580000,0x00000000d5580000,0x00000000dd080000)
  from space 21504K, 82% used [0x00000000dd080000,0x00000000de1b8b30,0x00000000de580000)
  to   space 23040K, 0% used [0x00000000e0980000,0x00000000e0980000,0x00000000e2000000)
 ParOldGen       total 248832K, used 27687K [0x0000000080000000, 0x000000008f300000, 0x00000000d5580000)
  object space 248832K, 11% used [0x0000000080000000,0x0000000081b09f70,0x000000008f300000)
 Metaspace       used 56778K, capacity 59008K, committed 59160K, reserved 1099776K
  class space    used 7695K, capacity 8151K, committed 8240K, reserved 1048576K
}
Event: 13.938 GC heap before
{Heap before GC invocations=12 (full 3):
 PSYoungGen      total 147456K, used 17634K [0x00000000d5580000, 0x00000000e2000000, 0x0000000100000000)
  eden space 125952K, 0% used [0x00000000d5580000,0x00000000d5580000,0x00000000dd080000)
  from space 21504K, 82% used [0x00000000dd080000,0x00000000de1b8b30,0x00000000de580000)
  to   space 23040K, 0% used [0x00000000e0980000,0x00000000e0980000,0x00000000e2000000)
 ParOldGen       total 248832K, used 27687K [0x0000000080000000, 0x000000008f300000, 0x00000000d5580000)
  object space 248832K, 11% used [0x0000000080000000,0x0000000081b09f70,0x000000008f300000)
 Metaspace       used 56778K, capacity 59008K, committed 59160K, reserved 1099776K
  class space    used 7695K, capacity 8151K, committed 8240K, reserved 1048576K
Event: 14.407 GC heap after
Heap after GC invocations=12 (full 3):
 PSYoungGen      total 147456K, used 0K [0x00000000d5580000, 0x00000000e2000000, 0x0000000100000000)
  eden space 125952K, 0% used [0x00000000d5580000,0x00000000d5580000,0x00000000dd080000)
  from space 21504K, 0% used [0x00000000dd080000,0x00000000dd080000,0x00000000de580000)
  to   space 23040K, 0% used [0x00000000e0980000,0x00000000e0980000,0x00000000e2000000)
 ParOldGen       total 248832K, used 30362K [0x0000000080000000, 0x000000008f300000, 0x00000000d5580000)
  object space 248832K, 12% used [0x0000000080000000,0x0000000081da6840,0x000000008f300000)
 Metaspace       used 56763K, capacity 58960K, committed 59160K, reserved 1099776K
  class space    used 7690K, capacity 8143K, committed 8240K, reserved 1048576K
}
Event: 17.546 GC heap before
{Heap before GC invocations=13 (full 3):
 PSYoungGen      total 147456K, used 125952K [0x00000000d5580000, 0x00000000e2000000, 0x0000000100000000)
  eden space 125952K, 100% used [0x00000000d5580000,0x00000000dd080000,0x00000000dd080000)
  from space 21504K, 0% used [0x00000000dd080000,0x00000000dd080000,0x00000000de580000)
  to   space 23040K, 0% used [0x00000000e0980000,0x00000000e0980000,0x00000000e2000000)
 ParOldGen       total 248832K, used 30362K [0x0000000080000000, 0x000000008f300000, 0x00000000d5580000)
  object space 248832K, 12% used [0x0000000080000000,0x0000000081da6840,0x000000008f300000)
 Metaspace       used 64891K, capacity 67638K, committed 67864K, reserved 1107968K
  class space    used 8956K, capacity 9510K, committed 9520K, reserved 1048576K
Event: 17.570 GC heap after
Heap after GC invocations=13 (full 3):
 PSYoungGen      total 163840K, used 13359K [0x00000000d5580000, 0x00000000e1700000, 0x0000000100000000)
  eden space 150016K, 0% used [0x00000000d5580000,0x00000000d5580000,0x00000000de800000)
  from space 13824K, 96% used [0x00000000e0980000,0x00000000e168bc88,0x00000000e1700000)
  to   space 22016K, 0% used [0x00000000dec00000,0x00000000dec00000,0x00000000e0180000)
 ParOldGen       total 248832K, used 30370K [0x0000000080000000, 0x000000008f300000, 0x00000000d5580000)
  object space 248832K, 12% used [0x0000000080000000,0x0000000081da8840,0x000000008f300000)
 Metaspace       used 64891K, capacity 67638K, committed 67864K, reserved 1107968K
  class space    used 8956K, capacity 9510K, committed 9520K, reserved 1048576K
}
Event: 22.337 GC heap before
{Heap before GC invocations=14 (full 3):
 PSYoungGen      total 163840K, used 163375K [0x00000000d5580000, 0x00000000e1700000, 0x0000000100000000)
  eden space 150016K, 100% used [0x00000000d5580000,0x00000000de800000,0x00000000de800000)
  from space 13824K, 96% used [0x00000000e0980000,0x00000000e168bc88,0x00000000e1700000)
  to   space 22016K, 0% used [0x00000000dec00000,0x00000000dec00000,0x00000000e0180000)
 ParOldGen       total 248832K, used 30370K [0x0000000080000000, 0x000000008f300000, 0x00000000d5580000)
  object space 248832K, 12% used [0x0000000080000000,0x0000000081da8840,0x000000008f300000)
 Metaspace       used 66869K, capacity 69932K, committed 70296K, reserved 1110016K
  class space    used 9157K, capacity 9783K, committed 9904K, reserved 1048576K
Event: 22.368 GC heap after
Heap after GC invocations=14 (full 3):
 PSYoungGen      total 176128K, used 22015K [0x00000000d5580000, 0x00000000e3400000, 0x0000000100000000)
  eden space 154112K, 0% used [0x00000000d5580000,0x00000000d5580000,0x00000000dec00000)
  from space 22016K, 99% used [0x00000000dec00000,0x00000000e017fd58,0x00000000e0180000)
  to   space 26112K, 0% used [0x00000000e1a80000,0x00000000e1a80000,0x00000000e3400000)
 ParOldGen       total 248832K, used 34196K [0x0000000080000000, 0x000000008f300000, 0x00000000d5580000)
  object space 248832K, 13% used [0x0000000080000000,0x0000000082165050,0x000000008f300000)
 Metaspace       used 66869K, capacity 69932K, committed 70296K, reserved 1110016K
  class space    used 9157K, capacity 9783K, committed 9904K, reserved 1048576K
}

