# JRE version: OpenJDK Runtime Environment (8.0_242-b01) (build 1.8.0_242-release-1644-b01)
# Java VM: OpenJDK 64-Bit Server VM (25.242-b01 mixed mode windows-amd64 compressed oops)
Heap:
 PSYoungGen      total 237056K, used 220980K [0x00000000d5580000, 0x00000000e8600000, 0x0000000100000000)
  eden space 215552K, 93% used [0x00000000d5580000,0x00000000e1b01170,0x00000000e2800000)
  from space 21504K, 87% used [0x00000000e2800000,0x00000000e3a4bf48,0x00000000e3d00000)
  to   space 23040K, 0% used [0x00000000e6f80000,0x00000000e6f80000,0x00000000e8600000)
 ParOldGen       total 235008K, used 30231K [0x0000000080000000, 0x000000008e580000, 0x00000000d5580000)
  object space 235008K, 12% used [0x0000000080000000,0x0000000081d85c18,0x000000008e580000)
 Metaspace       used 70599K, capacity 73954K, committed 74264K, reserved 1114112K
  class space    used 9546K, capacity 10186K, committed 10288K, reserved 1048576K
GC Heap History (10 events):
Event: 9.523 GC heap before
{Heap before GC invocations=8 (full 2):
 PSYoungGen      total 175104K, used 161792K [0x00000000d5580000, 0x00000000e1300000, 0x0000000100000000)
  eden space 161792K, 100% used [0x00000000d5580000,0x00000000df380000,0x00000000df380000)
  from space 13312K, 0% used [0x00000000df380000,0x00000000df380000,0x00000000e0080000)
  to   space 12800K, 0% used [0x00000000e0680000,0x00000000e0680000,0x00000000e1300000)
 ParOldGen       total 235008K, used 17243K [0x0000000080000000, 0x000000008e580000, 0x00000000d5580000)
  object space 235008K, 7% used [0x0000000080000000,0x00000000810d6f58,0x000000008e580000)
 Metaspace       used 42444K, capacity 44210K, committed 44328K, reserved 1087488K
  class space    used 5806K, capacity 6185K, committed 6192K, reserved 1048576K
Event: 9.536 GC heap after
Heap after GC invocations=8 (full 2):
 PSYoungGen      total 180224K, used 12197K [0x00000000d5580000, 0x00000000e3d80000, 0x0000000100000000)
  eden space 167424K, 0% used [0x00000000d5580000,0x00000000d5580000,0x00000000df900000)
  from space 12800K, 95% used [0x00000000e0680000,0x00000000e1269628,0x00000000e1300000)
  to   space 13824K, 0% used [0x00000000df900000,0x00000000df900000,0x00000000e0680000)
 ParOldGen       total 235008K, used 17251K [0x0000000080000000, 0x000000008e580000, 0x00000000d5580000)
  object space 235008K, 7% used [0x0000000080000000,0x00000000810d8f58,0x000000008e580000)
 Metaspace       used 42444K, capacity 44210K, committed 44328K, reserved 1087488K
  class space    used 5806K, capacity 6185K, committed 6192K, reserved 1048576K
}
Event: 13.119 GC heap before
{Heap before GC invocations=9 (full 2):
 PSYoungGen      total 180224K, used 179621K [0x00000000d5580000, 0x00000000e3d80000, 0x0000000100000000)
  eden space 167424K, 100% used [0x00000000d5580000,0x00000000df900000,0x00000000df900000)
  from space 12800K, 95% used [0x00000000e0680000,0x00000000e1269628,0x00000000e1300000)
  to   space 13824K, 0% used [0x00000000df900000,0x00000000df900000,0x00000000e0680000)
 ParOldGen       total 235008K, used 17251K [0x0000000080000000, 0x000000008e580000, 0x00000000d5580000)
  object space 235008K, 7% used [0x0000000080000000,0x00000000810d8f58,0x000000008e580000)
 Metaspace       used 56275K, capacity 58474K, committed 58536K, reserved 1099776K
  class space    used 7627K, capacity 8094K, committed 8112K, reserved 1048576K
Event: 13.148 GC heap after
Heap after GC invocations=9 (full 2):
 PSYoungGen      total 181248K, used 13796K [0x00000000d5580000, 0x00000000e5200000, 0x0000000100000000)
  eden space 167424K, 0% used [0x00000000d5580000,0x00000000d5580000,0x00000000df900000)
  from space 13824K, 99% used [0x00000000df900000,0x00000000e0679310,0x00000000e0680000)
  to   space 21504K, 0% used [0x00000000e3d00000,0x00000000e3d00000,0x00000000e5200000)
 ParOldGen       total 235008K, used 29851K [0x0000000080000000, 0x000000008e580000, 0x00000000d5580000)
  object space 235008K, 12% used [0x0000000080000000,0x0000000081d26f48,0x000000008e580000)
 Metaspace       used 56275K, capacity 58474K, committed 58536K, reserved 1099776K
  class space    used 7627K, capacity 8094K, committed 8112K, reserved 1048576K
}
Event: 13.369 GC heap before
{Heap before GC invocations=10 (full 2):
 PSYoungGen      total 181248K, used 25266K [0x00000000d5580000, 0x00000000e5200000, 0x0000000100000000)
  eden space 167424K, 6% used [0x00000000d5580000,0x00000000d60b35a0,0x00000000df900000)
  from space 13824K, 99% used [0x00000000df900000,0x00000000e0679310,0x00000000e0680000)
  to   space 21504K, 0% used [0x00000000e3d00000,0x00000000e3d00000,0x00000000e5200000)
 ParOldGen       total 235008K, used 29851K [0x0000000080000000, 0x000000008e580000, 0x00000000d5580000)
  object space 235008K, 12% used [0x0000000080000000,0x0000000081d26f48,0x000000008e580000)
 Metaspace       used 56906K, capacity 59068K, committed 59160K, reserved 1099776K
  class space    used 7707K, capacity 8161K, committed 8240K, reserved 1048576K
Event: 13.394 GC heap after
Heap after GC invocations=10 (full 2):
 PSYoungGen      total 237056K, used 14752K [0x00000000d5580000, 0x00000000e8180000, 0x0000000100000000)
  eden space 215552K, 0% used [0x00000000d5580000,0x00000000d5580000,0x00000000e2800000)
  from space 21504K, 68% used [0x00000000e3d00000,0x00000000e4b68048,0x00000000e5200000)
  to   space 21504K, 0% used [0x00000000e2800000,0x00000000e2800000,0x00000000e3d00000)
 ParOldGen       total 235008K, used 29859K [0x0000000080000000, 0x000000008e580000, 0x00000000d5580000)
  object space 235008K, 12% used [0x0000000080000000,0x0000000081d28f48,0x000000008e580000)
 Metaspace       used 56906K, capacity 59068K, committed 59160K, reserved 1099776K
  class space    used 7707K, capacity 8161K, committed 8240K, reserved 1048576K
}
Event: 13.394 GC heap before
{Heap before GC invocations=11 (full 3):
 PSYoungGen      total 237056K, used 14752K [0x00000000d5580000, 0x00000000e8180000, 0x0000000100000000)
  eden space 215552K, 0% used [0x00000000d5580000,0x00000000d5580000,0x00000000e2800000)
  from space 21504K, 68% used [0x00000000e3d00000,0x00000000e4b68048,0x00000000e5200000)
  to   space 21504K, 0% used [0x00000000e2800000,0x00000000e2800000,0x00000000e3d00000)
 ParOldGen       total 235008K, used 29859K [0x0000000080000000, 0x000000008e580000, 0x00000000d5580000)
  object space 235008K, 12% used [0x0000000080000000,0x0000000081d28f48,0x000000008e580000)
 Metaspace       used 56906K, capacity 59068K, committed 59160K, reserved 1099776K
  class space    used 7707K, capacity 8161K, committed 8240K, reserved 1048576K
Event: 13.884 GC heap after
Heap after GC invocations=11 (full 3):
 PSYoungGen      total 237056K, used 0K [0x00000000d5580000, 0x00000000e8180000, 0x0000000100000000)
  eden space 215552K, 0% used [0x00000000d5580000,0x00000000d5580000,0x00000000e2800000)
  from space 21504K, 0% used [0x00000000e3d00000,0x00000000e3d00000,0x00000000e5200000)
  to   space 21504K, 0% used [0x00000000e2800000,0x00000000e2800000,0x00000000e3d00000)
 ParOldGen       total 235008K, used 30223K [0x0000000080000000, 0x000000008e580000, 0x00000000d5580000)
  object space 235008K, 12% used [0x0000000080000000,0x0000000081d83c18,0x000000008e580000)
 Metaspace       used 56876K, capacity 58966K, committed 59160K, reserved 1099776K
  class space    used 7698K, capacity 8144K, committed 8240K, reserved 1048576K
}
Event: 18.907 GC heap before
{Heap before GC invocations=12 (full 3):
 PSYoungGen      total 237056K, used 215552K [0x00000000d5580000, 0x00000000e8180000, 0x0000000100000000)
  eden space 215552K, 100% used [0x00000000d5580000,0x00000000e2800000,0x00000000e2800000)
  from space 21504K, 0% used [0x00000000e3d00000,0x00000000e3d00000,0x00000000e5200000)
  to   space 21504K, 0% used [0x00000000e2800000,0x00000000e2800000,0x00000000e3d00000)
 ParOldGen       total 235008K, used 30223K [0x0000000080000000, 0x000000008e580000, 0x00000000d5580000)
  object space 235008K, 12% used [0x0000000080000000,0x0000000081d83c18,0x000000008e580000)
 Metaspace       used 66741K, capacity 69900K, committed 70040K, reserved 1110016K
  class space    used 9163K, capacity 9807K, committed 9904K, reserved 1048576K
Event: 18.936 GC heap after
Heap after GC invocations=12 (full 3):
 PSYoungGen      total 237056K, used 18735K [0x00000000d5580000, 0x00000000e8600000, 0x0000000100000000)
  eden space 215552K, 0% used [0x00000000d5580000,0x00000000d5580000,0x00000000e2800000)
  from space 21504K, 87% used [0x00000000e2800000,0x00000000e3a4bf48,0x00000000e3d00000)
  to   space 23040K, 0% used [0x00000000e6f80000,0x00000000e6f80000,0x00000000e8600000)
 ParOldGen       total 235008K, used 30231K [0x0000000080000000, 0x000000008e580000, 0x00000000d5580000)
  object space 235008K, 12% used [0x0000000080000000,0x0000000081d85c18,0x000000008e580000)
 Metaspace       used 66741K, capacity 69900K, committed 70040K, reserved 1110016K
  class space    used 9163K, capacity 9807K, committed 9904K, reserved 1048576K
}

