# JRE version: OpenJDK Runtime Environment (8.0_242-b01) (build 1.8.0_242-release-1644-b01)
# Java VM: OpenJDK 64-Bit Server VM (25.242-b01 mixed mode windows-amd64 compressed oops)
Heap:
 PSYoungGen      total 480768K, used 414037K [0x00000000d5580000, 0x00000000f9180000, 0x0000000100000000)
  eden space 415744K, 88% used [0x00000000d5580000,0x00000000ebda7068,0x00000000eeb80000)
  from space 65024K, 69% used [0x00000000eeb80000,0x00000000f17ae658,0x00000000f2b00000)
  to   space 67072K, 0% used [0x00000000f5000000,0x00000000f5000000,0x00000000f9180000)
 ParOldGen       total 509952K, used 93833K [0x0000000080000000, 0x000000009f200000, 0x00000000d5580000)
  object space 509952K, 18% used [0x0000000080000000,0x0000000085ba27d8,0x000000009f200000)
 Metaspace       used 116616K, capacity 124220K, committed 124236K, reserved 1157120K
  class space    used 15305K, capacity 16757K, committed 16768K, reserved 1048576K
GC Heap History (10 events):
Event: 267.776 GC heap before
{Heap before GC invocations=19 (full 4):
 PSYoungGen      total 345088K, used 345082K [0x00000000d5580000, 0x00000000eed00000, 0x0000000100000000)
  eden space 305664K, 100% used [0x00000000d5580000,0x00000000e8000000,0x00000000e8000000)
  from space 39424K, 99% used [0x00000000ead00000,0x00000000ed37eb70,0x00000000ed380000)
  to   space 46080K, 0% used [0x00000000e8000000,0x00000000e8000000,0x00000000ead00000)
 ParOldGen       total 509952K, used 69920K [0x0000000080000000, 0x000000009f200000, 0x00000000d5580000)
  object space 509952K, 13% used [0x0000000080000000,0x0000000084448098,0x000000009f200000)
 Metaspace       used 109637K, capacity 115736K, committed 115916K, reserved 1148928K
  class space    used 14596K, capacity 15774K, committed 15872K, reserved 1048576K
Event: 267.841 GC heap after
Heap after GC invocations=19 (full 4):
 PSYoungGen      total 351744K, used 46051K [0x00000000d5580000, 0x00000000f3a80000, 0x0000000100000000)
  eden space 305664K, 0% used [0x00000000d5580000,0x00000000d5580000,0x00000000e8000000)
  from space 46080K, 99% used [0x00000000e8000000,0x00000000eacf8e98,0x00000000ead00000)
  to   space 58880K, 0% used [0x00000000f0100000,0x00000000f0100000,0x00000000f3a80000)
 ParOldGen       total 509952K, used 86402K [0x0000000080000000, 0x000000009f200000, 0x00000000d5580000)
  object space 509952K, 16% used [0x0000000080000000,0x0000000085460a98,0x000000009f200000)
 Metaspace       used 109637K, capacity 115736K, committed 115916K, reserved 1148928K
  class space    used 14596K, capacity 15774K, committed 15872K, reserved 1048576K
}
Event: 272.819 GC heap before
{Heap before GC invocations=20 (full 4):
 PSYoungGen      total 351744K, used 351661K [0x00000000d5580000, 0x00000000f3a80000, 0x0000000100000000)
  eden space 305664K, 99% used [0x00000000d5580000,0x00000000e7ff2648,0x00000000e8000000)
  from space 46080K, 99% used [0x00000000e8000000,0x00000000eacf8e98,0x00000000ead00000)
  to   space 58880K, 0% used [0x00000000f0100000,0x00000000f0100000,0x00000000f3a80000)
 ParOldGen       total 509952K, used 86402K [0x0000000080000000, 0x000000009f200000, 0x00000000d5580000)
  object space 509952K, 16% used [0x0000000080000000,0x0000000085460a98,0x000000009f200000)
 Metaspace       used 110851K, capacity 117030K, committed 117324K, reserved 1150976K
  class space    used 14694K, capacity 15917K, committed 16000K, reserved 1048576K
Event: 272.899 GC heap after
Heap after GC invocations=20 (full 4):
 PSYoungGen      total 434688K, used 42759K [0x00000000d5580000, 0x00000000f3f80000, 0x0000000100000000)
  eden space 375808K, 0% used [0x00000000d5580000,0x00000000d5580000,0x00000000ec480000)
  from space 58880K, 72% used [0x00000000f0100000,0x00000000f2ac1d90,0x00000000f3a80000)
  to   space 61952K, 0% used [0x00000000ec480000,0x00000000ec480000,0x00000000f0100000)
 ParOldGen       total 509952K, used 93809K [0x0000000080000000, 0x000000009f200000, 0x00000000d5580000)
  object space 509952K, 18% used [0x0000000080000000,0x0000000085b9c7d8,0x000000009f200000)
 Metaspace       used 110851K, capacity 117030K, committed 117324K, reserved 1150976K
  class space    used 14694K, capacity 15917K, committed 16000K, reserved 1048576K
}
Event: 884.306 GC heap before
{Heap before GC invocations=21 (full 4):
 PSYoungGen      total 434688K, used 418567K [0x00000000d5580000, 0x00000000f3f80000, 0x0000000100000000)
  eden space 375808K, 100% used [0x00000000d5580000,0x00000000ec480000,0x00000000ec480000)
  from space 58880K, 72% used [0x00000000f0100000,0x00000000f2ac1d90,0x00000000f3a80000)
  to   space 61952K, 0% used [0x00000000ec480000,0x00000000ec480000,0x00000000f0100000)
 ParOldGen       total 509952K, used 93809K [0x0000000080000000, 0x000000009f200000, 0x00000000d5580000)
  object space 509952K, 18% used [0x0000000080000000,0x0000000085b9c7d8,0x000000009f200000)
 Metaspace       used 111965K, capacity 118284K, committed 118476K, reserved 1150976K
  class space    used 14780K, capacity 16024K, committed 16128K, reserved 1048576K
Event: 884.361 GC heap after
Heap after GC invocations=21 (full 4):
 PSYoungGen      total 437760K, used 34644K [0x00000000d5580000, 0x00000000f6b80000, 0x0000000100000000)
  eden space 375808K, 0% used [0x00000000d5580000,0x00000000d5580000,0x00000000ec480000)
  from space 61952K, 55% used [0x00000000ec480000,0x00000000ee6551e0,0x00000000f0100000)
  to   space 60928K, 0% used [0x00000000f3000000,0x00000000f3000000,0x00000000f6b80000)
 ParOldGen       total 509952K, used 93817K [0x0000000080000000, 0x000000009f200000, 0x00000000d5580000)
  object space 509952K, 18% used [0x0000000080000000,0x0000000085b9e7d8,0x000000009f200000)
 Metaspace       used 111965K, capacity 118284K, committed 118476K, reserved 1150976K
  class space    used 14780K, capacity 16024K, committed 16128K, reserved 1048576K
}
Event: 1542.111 GC heap before
{Heap before GC invocations=22 (full 4):
 PSYoungGen      total 437760K, used 410452K [0x00000000d5580000, 0x00000000f6b80000, 0x0000000100000000)
  eden space 375808K, 100% used [0x00000000d5580000,0x00000000ec480000,0x00000000ec480000)
  from space 61952K, 55% used [0x00000000ec480000,0x00000000ee6551e0,0x00000000f0100000)
  to   space 60928K, 0% used [0x00000000f3000000,0x00000000f3000000,0x00000000f6b80000)
 ParOldGen       total 509952K, used 93817K [0x0000000080000000, 0x000000009f200000, 0x00000000d5580000)
  object space 509952K, 18% used [0x0000000080000000,0x0000000085b9e7d8,0x000000009f200000)
 Metaspace       used 114807K, capacity 121544K, committed 121676K, reserved 1155072K
  class space    used 15106K, capacity 16458K, committed 16512K, reserved 1048576K
Event: 1542.152 GC heap after
Heap after GC invocations=22 (full 4):
 PSYoungGen      total 475648K, used 47005K [0x00000000d5580000, 0x00000000f6a80000, 0x0000000100000000)
  eden space 415744K, 0% used [0x00000000d5580000,0x00000000d5580000,0x00000000eeb80000)
  from space 59904K, 78% used [0x00000000f3000000,0x00000000f5de76e8,0x00000000f6a80000)
  to   space 65024K, 0% used [0x00000000eeb80000,0x00000000eeb80000,0x00000000f2b00000)
 ParOldGen       total 509952K, used 93825K [0x0000000080000000, 0x000000009f200000, 0x00000000d5580000)
  object space 509952K, 18% used [0x0000000080000000,0x0000000085ba07d8,0x000000009f200000)
 Metaspace       used 114807K, capacity 121544K, committed 121676K, reserved 1155072K
  class space    used 15106K, capacity 16458K, committed 16512K, reserved 1048576K
}
Event: 2826.106 GC heap before
{Heap before GC invocations=23 (full 4):
 PSYoungGen      total 475648K, used 462749K [0x00000000d5580000, 0x00000000f6a80000, 0x0000000100000000)
  eden space 415744K, 100% used [0x00000000d5580000,0x00000000eeb80000,0x00000000eeb80000)
  from space 59904K, 78% used [0x00000000f3000000,0x00000000f5de76e8,0x00000000f6a80000)
  to   space 65024K, 0% used [0x00000000eeb80000,0x00000000eeb80000,0x00000000f2b00000)
 ParOldGen       total 509952K, used 93825K [0x0000000080000000, 0x000000009f200000, 0x00000000d5580000)
  object space 509952K, 18% used [0x0000000080000000,0x0000000085ba07d8,0x000000009f200000)
 Metaspace       used 116205K, capacity 123654K, committed 123724K, reserved 1157120K
  class space    used 15287K, capacity 16730K, committed 16768K, reserved 1048576K
Event: 2826.181 GC heap after
Heap after GC invocations=23 (full 4):
 PSYoungGen      total 480768K, used 45241K [0x00000000d5580000, 0x00000000f9180000, 0x0000000100000000)
  eden space 415744K, 0% used [0x00000000d5580000,0x00000000d5580000,0x00000000eeb80000)
  from space 65024K, 69% used [0x00000000eeb80000,0x00000000f17ae658,0x00000000f2b00000)
  to   space 67072K, 0% used [0x00000000f5000000,0x00000000f5000000,0x00000000f9180000)
 ParOldGen       total 509952K, used 93833K [0x0000000080000000, 0x000000009f200000, 0x00000000d5580000)
  object space 509952K, 18% used [0x0000000080000000,0x0000000085ba27d8,0x000000009f200000)
 Metaspace       used 116205K, capacity 123654K, committed 123724K, reserved 1157120K
  class space    used 15287K, capacity 16730K, committed 16768K, reserved 1048576K
}

